<?xml version="1.0" encoding="UTF-8"?>
<coverage generated="1529937188281" clover="3.2.0">
  <project timestamp="1529937188281" name="All files">
    <metrics statements="420" coveredstatements="0" conditionals="127" coveredconditionals="0" methods="122" coveredmethods="0" elements="669" coveredelements="0" complexity="0" loc="420" ncloc="420" packages="4" files="13" classes="13">
      <package name="assets">
        <metrics statements="1" coveredstatements="0" conditionals="0" coveredconditionals="0" methods="0" coveredmethods="0"/>
        <file name="inject.js" path="D:\Deliverbag\testwebpack\src\assets\inject.js">
          <metrics statements="1" coveredstatements="0" conditionals="0" coveredconditionals="0" methods="0" coveredmethods="0"/>
          <line num="1" count="0" type="stmt"/>
        </file>
      </package>
      <package name="components">
        <metrics statements="46" coveredstatements="0" conditionals="8" coveredconditionals="0" methods="18" coveredmethods="0"/>
        <file name="BackHeader.vue" path="D:\Deliverbag\testwebpack\src\components\BackHeader.vue">
          <metrics statements="2" coveredstatements="0" conditionals="0" coveredconditionals="0" methods="2" coveredmethods="0"/>
          <line num="21" count="0" type="stmt"/>
          <line num="27" count="0" type="stmt"/>
        </file>
        <file name="Login.vue" path="D:\Deliverbag\testwebpack\src\components\Login.vue">
          <metrics statements="38" coveredstatements="0" conditionals="8" coveredconditionals="0" methods="12" coveredmethods="0"/>
          <line num="19" count="0" type="stmt"/>
          <line num="31" count="0" type="stmt"/>
          <line num="32" count="0" type="stmt"/>
          <line num="33" count="0" type="stmt"/>
          <line num="34" count="0" type="stmt"/>
          <line num="35" count="0" type="stmt"/>
          <line num="36" count="0" type="stmt"/>
          <line num="38" count="0" type="stmt"/>
          <line num="39" count="0" type="stmt"/>
          <line num="40" count="0" type="stmt"/>
          <line num="41" count="0" type="cond" truecount="0" falsecount="2"/>
          <line num="44" count="0" type="stmt"/>
          <line num="49" count="0" type="stmt"/>
          <line num="50" count="0" type="stmt"/>
          <line num="67" count="0" type="stmt"/>
          <line num="68" count="0" type="stmt"/>
          <line num="73" count="0" type="stmt"/>
          <line num="74" count="0" type="cond" truecount="0" falsecount="2"/>
          <line num="75" count="0" type="stmt"/>
          <line num="77" count="0" type="cond" truecount="0" falsecount="2"/>
          <line num="78" count="0" type="stmt"/>
          <line num="85" count="0" type="stmt"/>
          <line num="122" count="0" type="stmt"/>
          <line num="123" count="0" type="stmt"/>
          <line num="124" count="0" type="stmt"/>
          <line num="125" count="0" type="stmt"/>
          <line num="126" count="0" type="stmt"/>
          <line num="127" count="0" type="stmt"/>
          <line num="128" count="0" type="stmt"/>
          <line num="129" count="0" type="stmt"/>
          <line num="130" count="0" type="stmt"/>
          <line num="137" count="0" type="cond" truecount="0" falsecount="2"/>
          <line num="138" count="0" type="stmt"/>
          <line num="139" count="0" type="stmt"/>
          <line num="140" count="0" type="stmt"/>
          <line num="148" count="0" type="stmt"/>
          <line num="151" count="0" type="stmt"/>
          <line num="152" count="0" type="stmt"/>
        </file>
        <file name="Main.vue" path="D:\Deliverbag\testwebpack\src\components\Main.vue">
          <metrics statements="3" coveredstatements="0" conditionals="0" coveredconditionals="0" methods="2" coveredmethods="0"/>
          <line num="12" count="0" type="stmt"/>
          <line num="18" count="0" type="stmt"/>
          <line num="19" count="0" type="stmt"/>
        </file>
        <file name="Test.vue" path="D:\Deliverbag\testwebpack\src\components\Test.vue">
          <metrics statements="3" coveredstatements="0" conditionals="0" coveredconditionals="0" methods="2" coveredmethods="0"/>
          <line num="12" count="0" type="stmt"/>
          <line num="18" count="0" type="stmt"/>
          <line num="19" count="0" type="stmt"/>
        </file>
      </package>
      <package name="components.customer">
        <metrics statements="288" coveredstatements="0" conditionals="109" coveredconditionals="0" methods="69" coveredmethods="0"/>
        <file name="Demand.vue" path="D:\Deliverbag\testwebpack\src\components\customer\Demand.vue">
          <metrics statements="3" coveredstatements="0" conditionals="0" coveredconditionals="0" methods="3" coveredmethods="0"/>
          <line num="68" count="0" type="stmt"/>
          <line num="75" count="0" type="stmt"/>
          <line num="78" count="0" type="stmt"/>
        </file>
        <file name="FormulaireDemande.vue" path="D:\Deliverbag\testwebpack\src\components\customer\FormulaireDemande.vue">
          <metrics statements="200" coveredstatements="0" conditionals="83" coveredconditionals="0" methods="43" coveredmethods="0"/>
          <line num="310" count="0" type="stmt"/>
          <line num="341" count="0" type="stmt"/>
          <line num="345" count="0" type="stmt"/>
          <line num="348" count="0" type="cond" truecount="0" falsecount="2"/>
          <line num="353" count="0" type="stmt"/>
          <line num="354" count="0" type="stmt"/>
          <line num="355" count="0" type="cond" truecount="0" falsecount="2"/>
          <line num="356" count="0" type="stmt"/>
          <line num="357" count="0" type="stmt"/>
          <line num="360" count="0" type="stmt"/>
          <line num="361" count="0" type="stmt"/>
          <line num="363" count="0" type="stmt"/>
          <line num="367" count="0" type="stmt"/>
          <line num="371" count="0" type="stmt"/>
          <line num="381" count="0" type="cond" truecount="0" falsecount="2"/>
          <line num="384" count="0" type="stmt"/>
          <line num="385" count="0" type="stmt"/>
          <line num="425" count="0" type="stmt"/>
          <line num="428" count="0" type="stmt"/>
          <line num="433" count="0" type="stmt"/>
          <line num="438" count="0" type="stmt"/>
          <line num="451" count="0" type="stmt"/>
          <line num="464" count="0" type="stmt"/>
          <line num="465" count="0" type="cond" truecount="0" falsecount="3"/>
          <line num="466" count="0" type="stmt"/>
          <line num="467" count="0" type="stmt"/>
          <line num="468" count="0" type="stmt"/>
          <line num="469" count="0" type="stmt"/>
          <line num="470" count="0" type="stmt"/>
          <line num="475" count="0" type="stmt"/>
          <line num="476" count="0" type="cond" truecount="0" falsecount="2"/>
          <line num="477" count="0" type="stmt"/>
          <line num="482" count="0" type="stmt"/>
          <line num="483" count="0" type="stmt"/>
          <line num="484" count="0" type="stmt"/>
          <line num="485" count="0" type="stmt"/>
          <line num="490" count="0" type="cond" truecount="0" falsecount="7"/>
          <line num="491" count="0" type="stmt"/>
          <line num="496" count="0" type="stmt"/>
          <line num="497" count="0" type="stmt"/>
          <line num="498" count="0" type="cond" truecount="0" falsecount="2"/>
          <line num="499" count="0" type="stmt"/>
          <line num="502" count="0" type="stmt"/>
          <line num="506" count="0" type="cond" truecount="0" falsecount="4"/>
          <line num="514" count="0" type="stmt"/>
          <line num="515" count="0" type="stmt"/>
          <line num="516" count="0" type="cond" truecount="0" falsecount="2"/>
          <line num="517" count="0" type="stmt"/>
          <line num="518" count="0" type="stmt"/>
          <line num="519" count="0" type="cond" truecount="0" falsecount="2"/>
          <line num="520" count="0" type="stmt"/>
          <line num="523" count="0" type="cond" truecount="0" falsecount="2"/>
          <line num="524" count="0" type="stmt"/>
          <line num="527" count="0" type="stmt"/>
          <line num="532" count="0" type="stmt"/>
          <line num="537" count="0" type="stmt"/>
          <line num="538" count="0" type="stmt"/>
          <line num="539" count="0" type="stmt"/>
          <line num="540" count="0" type="stmt"/>
          <line num="543" count="0" type="stmt"/>
          <line num="544" count="0" type="stmt"/>
          <line num="546" count="0" type="stmt"/>
          <line num="547" count="0" type="stmt"/>
          <line num="551" count="0" type="cond" truecount="0" falsecount="2"/>
          <line num="552" count="0" type="stmt"/>
          <line num="553" count="0" type="stmt"/>
          <line num="555" count="0" type="cond" truecount="0" falsecount="2"/>
          <line num="556" count="0" type="stmt"/>
          <line num="557" count="0" type="stmt"/>
          <line num="566" count="0" type="stmt"/>
          <line num="567" count="0" type="stmt"/>
          <line num="571" count="0" type="stmt"/>
          <line num="572" count="0" type="stmt"/>
          <line num="573" count="0" type="stmt"/>
          <line num="578" count="0" type="stmt"/>
          <line num="579" count="0" type="stmt"/>
          <line num="587" count="0" type="stmt"/>
          <line num="588" count="0" type="stmt"/>
          <line num="594" count="0" type="stmt"/>
          <line num="595" count="0" type="stmt"/>
          <line num="596" count="0" type="stmt"/>
          <line num="597" count="0" type="stmt"/>
          <line num="598" count="0" type="stmt"/>
          <line num="599" count="0" type="cond" truecount="0" falsecount="2"/>
          <line num="600" count="0" type="stmt"/>
          <line num="601" count="0" type="stmt"/>
          <line num="603" count="0" type="stmt"/>
          <line num="604" count="0" type="stmt"/>
          <line num="606" count="0" type="stmt"/>
          <line num="607" count="0" type="stmt"/>
          <line num="609" count="0" type="stmt"/>
          <line num="610" count="0" type="stmt"/>
          <line num="616" count="0" type="stmt"/>
          <line num="617" count="0" type="stmt"/>
          <line num="630" count="0" type="stmt"/>
          <line num="631" count="0" type="stmt"/>
          <line num="632" count="0" type="stmt"/>
          <line num="636" count="0" type="cond" truecount="0" falsecount="2"/>
          <line num="637" count="0" type="stmt"/>
          <line num="638" count="0" type="stmt"/>
          <line num="639" count="0" type="stmt"/>
          <line num="641" count="0" type="cond" truecount="0" falsecount="2"/>
          <line num="642" count="0" type="stmt"/>
          <line num="656" count="0" type="stmt"/>
          <line num="657" count="0" type="stmt"/>
          <line num="658" count="0" type="stmt"/>
          <line num="659" count="0" type="stmt"/>
          <line num="660" count="0" type="stmt"/>
          <line num="663" count="0" type="cond" truecount="0" falsecount="4"/>
          <line num="664" count="0" type="stmt"/>
          <line num="665" count="0" type="stmt"/>
          <line num="668" count="0" type="cond" truecount="0" falsecount="4"/>
          <line num="669" count="0" type="stmt"/>
          <line num="674" count="0" type="cond" truecount="0" falsecount="2"/>
          <line num="675" count="0" type="stmt"/>
          <line num="684" count="0" type="stmt"/>
          <line num="685" count="0" type="cond" truecount="0" falsecount="2"/>
          <line num="686" count="0" type="stmt"/>
          <line num="688" count="0" type="cond" truecount="0" falsecount="2"/>
          <line num="689" count="0" type="stmt"/>
          <line num="691" count="0" type="stmt"/>
          <line num="692" count="0" type="stmt"/>
          <line num="698" count="0" type="stmt"/>
          <line num="699" count="0" type="stmt"/>
          <line num="700" count="0" type="stmt"/>
          <line num="701" count="0" type="stmt"/>
          <line num="703" count="0" type="cond" truecount="0" falsecount="2"/>
          <line num="705" count="0" type="stmt"/>
          <line num="710" count="0" type="cond" truecount="0" falsecount="2"/>
          <line num="711" count="0" type="stmt"/>
          <line num="714" count="0" type="stmt"/>
          <line num="716" count="0" type="stmt"/>
          <line num="718" count="0" type="cond" truecount="0" falsecount="2"/>
          <line num="719" count="0" type="stmt"/>
          <line num="722" count="0" type="stmt"/>
          <line num="729" count="0" type="stmt"/>
          <line num="730" count="0" type="cond" truecount="0" falsecount="2"/>
          <line num="731" count="0" type="stmt"/>
          <line num="733" count="0" type="stmt"/>
          <line num="734" count="0" type="stmt"/>
          <line num="736" count="0" type="stmt"/>
          <line num="737" count="0" type="cond" truecount="0" falsecount="2"/>
          <line num="738" count="0" type="stmt"/>
          <line num="739" count="0" type="stmt"/>
          <line num="740" count="0" type="stmt"/>
          <line num="741" count="0" type="stmt"/>
          <line num="742" count="0" type="stmt"/>
          <line num="743" count="0" type="stmt"/>
          <line num="744" count="0" type="stmt"/>
          <line num="748" count="0" type="cond" truecount="0" falsecount="2"/>
          <line num="749" count="0" type="stmt"/>
          <line num="750" count="0" type="cond" truecount="0" falsecount="2"/>
          <line num="751" count="0" type="stmt"/>
          <line num="754" count="0" type="stmt"/>
          <line num="759" count="0" type="stmt"/>
          <line num="760" count="0" type="stmt"/>
          <line num="767" count="0" type="stmt"/>
          <line num="770" count="0" type="cond" truecount="0" falsecount="2"/>
          <line num="771" count="0" type="stmt"/>
          <line num="773" count="0" type="stmt"/>
          <line num="776" count="0" type="stmt"/>
          <line num="779" count="0" type="stmt"/>
          <line num="780" count="0" type="cond" truecount="0" falsecount="6"/>
          <line num="781" count="0" type="stmt"/>
          <line num="782" count="0" type="stmt"/>
          <line num="783" count="0" type="stmt"/>
          <line num="784" count="0" type="stmt"/>
          <line num="785" count="0" type="stmt"/>
          <line num="786" count="0" type="stmt"/>
          <line num="787" count="0" type="stmt"/>
          <line num="788" count="0" type="stmt"/>
          <line num="789" count="0" type="stmt"/>
          <line num="791" count="0" type="cond" truecount="0" falsecount="2"/>
          <line num="792" count="0" type="stmt"/>
          <line num="794" count="0" type="stmt"/>
          <line num="804" count="0" type="stmt"/>
          <line num="805" count="0" type="stmt"/>
          <line num="806" count="0" type="stmt"/>
          <line num="807" count="0" type="stmt"/>
          <line num="808" count="0" type="stmt"/>
          <line num="810" count="0" type="stmt"/>
          <line num="811" count="0" type="stmt"/>
          <line num="812" count="0" type="stmt"/>
          <line num="813" count="0" type="stmt"/>
          <line num="820" count="0" type="stmt"/>
          <line num="821" count="0" type="stmt"/>
          <line num="822" count="0" type="stmt"/>
          <line num="825" count="0" type="stmt"/>
          <line num="829" count="0" type="stmt"/>
          <line num="834" count="0" type="stmt"/>
          <line num="835" count="0" type="stmt"/>
          <line num="836" count="0" type="stmt"/>
          <line num="837" count="0" type="stmt"/>
          <line num="838" count="0" type="stmt"/>
          <line num="843" count="0" type="cond" truecount="0" falsecount="2"/>
          <line num="844" count="0" type="stmt"/>
          <line num="845" count="0" type="stmt"/>
          <line num="847" count="0" type="stmt"/>
          <line num="848" count="0" type="stmt"/>
          <line num="849" count="0" type="stmt"/>
        </file>
        <file name="Menu.vue" path="D:\Deliverbag\testwebpack\src\components\customer\Menu.vue">
          <metrics statements="1" coveredstatements="0" conditionals="0" coveredconditionals="0" methods="1" coveredmethods="0"/>
          <line num="21" count="0" type="stmt"/>
        </file>
        <file name="MesCourses.vue" path="D:\Deliverbag\testwebpack\src\components\customer\MesCourses.vue">
          <metrics statements="26" coveredstatements="0" conditionals="6" coveredconditionals="0" methods="9" coveredmethods="0"/>
          <line num="88" count="0" type="stmt"/>
          <line num="110" count="0" type="stmt"/>
          <line num="111" count="0" type="stmt"/>
          <line num="117" count="0" type="stmt"/>
          <line num="118" count="0" type="stmt"/>
          <line num="119" count="0" type="stmt"/>
          <line num="120" count="0" type="cond" truecount="0" falsecount="6"/>
          <line num="121" count="0" type="stmt"/>
          <line num="122" count="0" type="stmt"/>
          <line num="123" count="0" type="stmt"/>
          <line num="124" count="0" type="stmt"/>
          <line num="125" count="0" type="stmt"/>
          <line num="126" count="0" type="stmt"/>
          <line num="127" count="0" type="stmt"/>
          <line num="128" count="0" type="stmt"/>
          <line num="129" count="0" type="stmt"/>
          <line num="130" count="0" type="stmt"/>
          <line num="131" count="0" type="stmt"/>
          <line num="136" count="0" type="stmt"/>
          <line num="137" count="0" type="stmt"/>
          <line num="147" count="0" type="stmt"/>
          <line num="158" count="0" type="stmt"/>
          <line num="161" count="0" type="stmt"/>
          <line num="162" count="0" type="stmt"/>
          <line num="167" count="0" type="stmt"/>
          <line num="170" count="0" type="stmt"/>
        </file>
        <file name="ProfileCustomer.vue" path="D:\Deliverbag\testwebpack\src\components\customer\ProfileCustomer.vue">
          <metrics statements="58" coveredstatements="0" conditionals="20" coveredconditionals="0" methods="13" coveredmethods="0"/>
          <line num="119" count="0" type="stmt"/>
          <line num="131" count="0" type="stmt"/>
          <line num="133" count="0" type="stmt"/>
          <line num="136" count="0" type="stmt"/>
          <line num="137" count="0" type="stmt"/>
          <line num="147" count="0" type="stmt"/>
          <line num="148" count="0" type="stmt"/>
          <line num="155" count="0" type="stmt"/>
          <line num="156" count="0" type="stmt"/>
          <line num="157" count="0" type="stmt"/>
          <line num="158" count="0" type="stmt"/>
          <line num="159" count="0" type="stmt"/>
          <line num="160" count="0" type="stmt"/>
          <line num="161" count="0" type="cond" truecount="0" falsecount="2"/>
          <line num="162" count="0" type="stmt"/>
          <line num="163" count="0" type="stmt"/>
          <line num="164" count="0" type="stmt"/>
          <line num="166" count="0" type="stmt"/>
          <line num="167" count="0" type="stmt"/>
          <line num="169" count="0" type="stmt"/>
          <line num="170" count="0" type="stmt"/>
          <line num="172" count="0" type="stmt"/>
          <line num="173" count="0" type="stmt"/>
          <line num="178" count="0" type="stmt"/>
          <line num="182" count="0" type="stmt"/>
          <line num="183" count="0" type="stmt"/>
          <line num="184" count="0" type="stmt"/>
          <line num="190" count="0" type="stmt"/>
          <line num="191" count="0" type="cond" truecount="0" falsecount="3"/>
          <line num="192" count="0" type="stmt"/>
          <line num="193" count="0" type="stmt"/>
          <line num="194" count="0" type="stmt"/>
          <line num="195" count="0" type="stmt"/>
          <line num="196" count="0" type="stmt"/>
          <line num="202" count="0" type="stmt"/>
          <line num="203" count="0" type="cond" truecount="0" falsecount="2"/>
          <line num="204" count="0" type="stmt"/>
          <line num="211" count="0" type="stmt"/>
          <line num="221" count="0" type="stmt"/>
          <line num="222" count="0" type="stmt"/>
          <line num="223" count="0" type="stmt"/>
          <line num="229" count="0" type="stmt"/>
          <line num="232" count="0" type="stmt"/>
          <line num="233" count="0" type="stmt"/>
          <line num="234" count="0" type="stmt"/>
          <line num="240" count="0" type="cond" truecount="0" falsecount="4"/>
          <line num="246" count="0" type="stmt"/>
          <line num="247" count="0" type="stmt"/>
          <line num="248" count="0" type="cond" truecount="0" falsecount="2"/>
          <line num="249" count="0" type="stmt"/>
          <line num="250" count="0" type="stmt"/>
          <line num="251" count="0" type="cond" truecount="0" falsecount="2"/>
          <line num="252" count="0" type="stmt"/>
          <line num="255" count="0" type="cond" truecount="0" falsecount="2"/>
          <line num="256" count="0" type="stmt"/>
          <line num="259" count="0" type="stmt"/>
          <line num="264" count="0" type="stmt"/>
          <line num="268" count="0" type="stmt"/>
        </file>
      </package>
      <package name="components.driver">
        <metrics statements="85" coveredstatements="0" conditionals="10" coveredconditionals="0" methods="35" coveredmethods="0"/>
        <file name="Demands.vue" path="D:\Deliverbag\testwebpack\src\components\driver\Demands.vue">
          <metrics statements="63" coveredstatements="0" conditionals="8" coveredconditionals="0" methods="23" coveredmethods="0"/>
          <line num="35" count="0" type="stmt"/>
          <line num="43" count="0" type="stmt"/>
          <line num="62" count="0" type="stmt"/>
          <line num="67" count="0" type="stmt"/>
          <line num="74" count="0" type="stmt"/>
          <line num="82" count="0" type="stmt"/>
          <line num="83" count="0" type="stmt"/>
          <line num="84" count="0" type="stmt"/>
          <line num="85" count="0" type="stmt"/>
          <line num="87" count="0" type="stmt"/>
          <line num="93" count="0" type="stmt"/>
          <line num="107" count="0" type="stmt"/>
          <line num="109" count="0" type="stmt"/>
          <line num="114" count="0" type="stmt"/>
          <line num="115" count="0" type="stmt"/>
          <line num="117" count="0" type="stmt"/>
          <line num="121" count="0" type="stmt"/>
          <line num="122" count="0" type="stmt"/>
          <line num="123" count="0" type="stmt"/>
          <line num="124" count="0" type="stmt"/>
          <line num="125" count="0" type="stmt"/>
          <line num="135" count="0" type="stmt"/>
          <line num="137" count="0" type="stmt"/>
          <line num="138" count="0" type="stmt"/>
          <line num="140" count="0" type="stmt"/>
          <line num="142" count="0" type="stmt"/>
          <line num="149" count="0" type="cond" truecount="0" falsecount="2"/>
          <line num="152" count="0" type="stmt"/>
          <line num="158" count="0" type="stmt"/>
          <line num="164" count="0" type="stmt"/>
          <line num="166" count="0" type="stmt"/>
          <line num="171" count="0" type="stmt"/>
          <line num="172" count="0" type="stmt"/>
          <line num="175" count="0" type="stmt"/>
          <line num="177" count="0" type="stmt"/>
          <line num="178" count="0" type="stmt"/>
          <line num="189" count="0" type="stmt"/>
          <line num="192" count="0" type="cond" truecount="0" falsecount="2"/>
          <line num="193" count="0" type="stmt"/>
          <line num="194" count="0" type="stmt"/>
          <line num="195" count="0" type="stmt"/>
          <line num="196" count="0" type="stmt"/>
          <line num="197" count="0" type="stmt"/>
          <line num="200" count="0" type="stmt"/>
          <line num="201" count="0" type="stmt"/>
          <line num="204" count="0" type="stmt"/>
          <line num="206" count="0" type="cond" truecount="0" falsecount="2"/>
          <line num="207" count="0" type="stmt"/>
          <line num="210" count="0" type="stmt"/>
          <line num="211" count="0" type="stmt"/>
          <line num="213" count="0" type="cond" truecount="0" falsecount="2"/>
          <line num="214" count="0" type="stmt"/>
          <line num="218" count="0" type="stmt"/>
          <line num="228" count="0" type="stmt"/>
          <line num="230" count="0" type="stmt"/>
          <line num="231" count="0" type="stmt"/>
          <line num="237" count="0" type="stmt"/>
          <line num="242" count="0" type="stmt"/>
          <line num="253" count="0" type="stmt"/>
          <line num="254" count="0" type="stmt"/>
          <line num="255" count="0" type="stmt"/>
          <line num="256" count="0" type="stmt"/>
          <line num="260" count="0" type="stmt"/>
        </file>
        <file name="DemandsList.vue" path="D:\Deliverbag\testwebpack\src\components\driver\DemandsList.vue">
          <metrics statements="21" coveredstatements="0" conditionals="2" coveredconditionals="0" methods="11" coveredmethods="0"/>
          <line num="62" count="0" type="stmt"/>
          <line num="83" count="0" type="stmt"/>
          <line num="88" count="0" type="stmt"/>
          <line num="95" count="0" type="stmt"/>
          <line num="101" count="0" type="stmt"/>
          <line num="106" count="0" type="stmt"/>
          <line num="107" count="0" type="stmt"/>
          <line num="108" count="0" type="stmt"/>
          <line num="113" count="0" type="stmt"/>
          <line num="115" count="0" type="stmt"/>
          <line num="116" count="0" type="stmt"/>
          <line num="118" count="0" type="stmt"/>
          <line num="124" count="0" type="stmt"/>
          <line num="125" count="0" type="stmt"/>
          <line num="126" count="0" type="cond" truecount="0" falsecount="2"/>
          <line num="127" count="0" type="stmt"/>
          <line num="138" count="0" type="stmt"/>
          <line num="140" count="0" type="stmt"/>
          <line num="142" count="0" type="stmt"/>
          <line num="146" count="0" type="stmt"/>
          <line num="150" count="0" type="stmt"/>
        </file>
        <file name="MenuDriver.vue" path="D:\Deliverbag\testwebpack\src\components\driver\MenuDriver.vue">
          <metrics statements="1" coveredstatements="0" conditionals="0" coveredconditionals="0" methods="1" coveredmethods="0"/>
          <line num="21" count="0" type="stmt"/>
        </file>
      </package>
    </metrics>
  </project>
</coverage>
