{"D:\\Deliverbag\\testwebpack\\src\\assets\\inject.js": {"path":"D:\\Deliverbag\\testwebpack\\src\\assets\\inject.js","statementMap":{"0":{"start":{"line":1,"column":0},"end":{"line":null,"column":-1}}},"fnMap":{},"branchMap":{},"s":{"0":0},"f":{},"b":{}}
,"D:\\Deliverbag\\testwebpack\\src\\components\\BackHeader.vue": {"path":"D:\\Deliverbag\\testwebpack\\src\\components\\BackHeader.vue","statementMap":{"0":{"start":{"line":21,"column":0},"end":{"line":null,"column":-1}},"1":{"start":{"line":27,"column":0},"end":{"line":null,"column":-1}}},"fnMap":{"0":{"name":"data","decl":{"start":{"line":20,"column":0},"end":{"line":null,"column":-1}},"loc":{"start":{"line":20,"column":0},"end":{"line":23,"column":0}}},"1":{"name":"back","decl":{"start":{"line":26,"column":0},"end":{"line":null,"column":-1}},"loc":{"start":{"line":26,"column":0},"end":{"line":28,"column":0}}}},"branchMap":{},"s":{"0":0,"1":0},"f":{"0":0,"1":0},"b":{}}
,"D:\\Deliverbag\\testwebpack\\src\\components\\Login.vue": {"path":"D:\\Deliverbag\\testwebpack\\src\\components\\Login.vue","statementMap":{"0":{"start":{"line":19,"column":0},"end":{"line":null,"column":-1}},"1":{"start":{"line":31,"column":0},"end":{"line":null,"column":-1}},"2":{"start":{"line":32,"column":0},"end":{"line":null,"column":-1}},"3":{"start":{"line":33,"column":0},"end":{"line":null,"column":-1}},"4":{"start":{"line":34,"column":0},"end":{"line":53,"column":0}},"5":{"start":{"line":35,"column":0},"end":{"line":37,"column":0}},"6":{"start":{"line":36,"column":0},"end":{"line":null,"column":-1}},"7":{"start":{"line":38,"column":0},"end":{"line":null,"column":-1}},"8":{"start":{"line":39,"column":0},"end":{"line":null,"column":-1}},"9":{"start":{"line":40,"column":0},"end":{"line":null,"column":-1}},"10":{"start":{"line":41,"column":0},"end":{"line":52,"column":0}},"11":{"start":{"line":44,"column":0},"end":{"line":null,"column":-1}},"12":{"start":{"line":49,"column":0},"end":{"line":null,"column":-1}},"13":{"start":{"line":50,"column":0},"end":{"line":null,"column":-1}},"14":{"start":{"line":67,"column":0},"end":{"line":null,"column":-1}},"15":{"start":{"line":68,"column":0},"end":{"line":null,"column":-1}},"16":{"start":{"line":73,"column":0},"end":{"line":null,"column":-1}},"17":{"start":{"line":74,"column":0},"end":{"line":76,"column":0}},"18":{"start":{"line":75,"column":0},"end":{"line":null,"column":-1}},"19":{"start":{"line":77,"column":0},"end":{"line":79,"column":0}},"20":{"start":{"line":78,"column":0},"end":{"line":null,"column":-1}},"21":{"start":{"line":85,"column":0},"end":{"line":null,"column":-1}},"22":{"start":{"line":122,"column":0},"end":{"line":null,"column":-1}},"23":{"start":{"line":123,"column":0},"end":{"line":null,"column":-1}},"24":{"start":{"line":124,"column":0},"end":{"line":null,"column":-1}},"25":{"start":{"line":125,"column":0},"end":{"line":149,"column":0}},"26":{"start":{"line":126,"column":0},"end":{"line":null,"column":-1}},"27":{"start":{"line":127,"column":0},"end":{"line":null,"column":-1}},"28":{"start":{"line":128,"column":0},"end":{"line":null,"column":-1}},"29":{"start":{"line":129,"column":0},"end":{"line":146,"column":0}},"30":{"start":{"line":130,"column":0},"end":{"line":143,"column":0}},"31":{"start":{"line":137,"column":0},"end":{"line":142,"column":0}},"32":{"start":{"line":138,"column":0},"end":{"line":null,"column":-1}},"33":{"start":{"line":139,"column":0},"end":{"line":null,"column":-1}},"34":{"start":{"line":140,"column":0},"end":{"line":null,"column":-1}},"35":{"start":{"line":148,"column":0},"end":{"line":null,"column":-1}},"36":{"start":{"line":151,"column":0},"end":{"line":153,"column":0}},"37":{"start":{"line":152,"column":0},"end":{"line":null,"column":-1}}},"fnMap":{"0":{"name":"data","decl":{"start":{"line":18,"column":0},"end":{"line":null,"column":-1}},"loc":{"start":{"line":18,"column":0},"end":{"line":27,"column":0}}},"1":{"name":"created","decl":{"start":{"line":29,"column":0},"end":{"line":null,"column":-1}},"loc":{"start":{"line":29,"column":0},"end":{"line":58,"column":0}}},"2":{"name":"(anonymous_3)","decl":{"start":{"line":34,"column":0},"end":{"line":null,"column":-1}},"loc":{"start":{"line":34,"column":0},"end":{"line":53,"column":0}}},"3":{"name":"(anonymous_4)","decl":{"start":{"line":35,"column":0},"end":{"line":null,"column":-1}},"loc":{"start":{"line":35,"column":0},"end":{"line":37,"column":0}}},"4":{"name":"getUser","decl":{"start":{"line":66,"column":0},"end":{"line":null,"column":-1}},"loc":{"start":{"line":66,"column":0},"end":{"line":91,"column":0}}},"5":{"name":"success","decl":{"start":{"line":72,"column":0},"end":{"line":null,"column":-1}},"loc":{"start":{"line":72,"column":0},"end":{"line":83,"column":0}}},"6":{"name":"error","decl":{"start":{"line":84,"column":0},"end":{"line":null,"column":-1}},"loc":{"start":{"line":84,"column":0},"end":{"line":86,"column":0}}},"7":{"name":"webviewConnexion","decl":{"start":{"line":121,"column":0},"end":{"line":null,"column":-1}},"loc":{"start":{"line":121,"column":0},"end":{"line":154,"column":0}}},"8":{"name":"(anonymous_9)","decl":{"start":{"line":125,"column":0},"end":{"line":null,"column":-1}},"loc":{"start":{"line":125,"column":0},"end":{"line":149,"column":0}}},"9":{"name":"(anonymous_10)","decl":{"start":{"line":129,"column":0},"end":{"line":null,"column":-1}},"loc":{"start":{"line":129,"column":0},"end":{"line":146,"column":0}}},"10":{"name":"(anonymous_11)","decl":{"start":{"line":135,"column":0},"end":{"line":null,"column":-1}},"loc":{"start":{"line":135,"column":0},"end":{"line":143,"column":0}}},"11":{"name":"(anonymous_12)","decl":{"start":{"line":151,"column":0},"end":{"line":null,"column":-1}},"loc":{"start":{"line":151,"column":0},"end":{"line":153,"column":0}}}},"branchMap":{"0":{"loc":{"start":{"line":41,"column":0},"end":{"line":52,"column":0}},"type":"if","locations":[{"start":{"line":41,"column":0},"end":{"line":52,"column":0}},{"start":{"line":41,"column":0},"end":{"line":52,"column":0}}]},"1":{"loc":{"start":{"line":74,"column":0},"end":{"line":76,"column":0}},"type":"if","locations":[{"start":{"line":74,"column":0},"end":{"line":76,"column":0}},{"start":{"line":74,"column":0},"end":{"line":76,"column":0}}]},"2":{"loc":{"start":{"line":77,"column":0},"end":{"line":79,"column":0}},"type":"if","locations":[{"start":{"line":77,"column":0},"end":{"line":79,"column":0}},{"start":{"line":77,"column":0},"end":{"line":79,"column":0}}]},"3":{"loc":{"start":{"line":137,"column":0},"end":{"line":142,"column":0}},"type":"if","locations":[{"start":{"line":137,"column":0},"end":{"line":142,"column":0}},{"start":{"line":137,"column":0},"end":{"line":142,"column":0}}]}},"s":{"0":0,"1":0,"2":0,"3":0,"4":0,"5":0,"6":0,"7":0,"8":0,"9":0,"10":0,"11":0,"12":0,"13":0,"14":0,"15":0,"16":0,"17":0,"18":0,"19":0,"20":0,"21":0,"22":0,"23":0,"24":0,"25":0,"26":0,"27":0,"28":0,"29":0,"30":0,"31":0,"32":0,"33":0,"34":0,"35":0,"36":0,"37":0},"f":{"0":0,"1":0,"2":0,"3":0,"4":0,"5":0,"6":0,"7":0,"8":0,"9":0,"10":0,"11":0},"b":{"0":[0,0],"1":[0,0],"2":[0,0],"3":[0,0]}}
,"D:\\Deliverbag\\testwebpack\\src\\components\\Main.vue": {"path":"D:\\Deliverbag\\testwebpack\\src\\components\\Main.vue","statementMap":{"0":{"start":{"line":12,"column":0},"end":{"line":null,"column":-1}},"1":{"start":{"line":18,"column":0},"end":{"line":null,"column":-1}},"2":{"start":{"line":19,"column":0},"end":{"line":null,"column":-1}}},"fnMap":{"0":{"name":"data","decl":{"start":{"line":11,"column":0},"end":{"line":null,"column":-1}},"loc":{"start":{"line":11,"column":0},"end":{"line":15,"column":0}}},"1":{"name":"miseajour","decl":{"start":{"line":17,"column":0},"end":{"line":null,"column":-1}},"loc":{"start":{"line":17,"column":0},"end":{"line":20,"column":0}}}},"branchMap":{},"s":{"0":0,"1":0,"2":0},"f":{"0":0,"1":0},"b":{}}
,"D:\\Deliverbag\\testwebpack\\src\\components\\Test.vue": {"path":"D:\\Deliverbag\\testwebpack\\src\\components\\Test.vue","statementMap":{"0":{"start":{"line":12,"column":0},"end":{"line":null,"column":-1}},"1":{"start":{"line":18,"column":0},"end":{"line":null,"column":-1}},"2":{"start":{"line":19,"column":0},"end":{"line":null,"column":-1}}},"fnMap":{"0":{"name":"data","decl":{"start":{"line":11,"column":0},"end":{"line":null,"column":-1}},"loc":{"start":{"line":11,"column":0},"end":{"line":15,"column":0}}},"1":{"name":"miseajour","decl":{"start":{"line":17,"column":0},"end":{"line":null,"column":-1}},"loc":{"start":{"line":17,"column":0},"end":{"line":20,"column":0}}}},"branchMap":{},"s":{"0":0,"1":0,"2":0},"f":{"0":0,"1":0},"b":{}}
,"D:\\Deliverbag\\testwebpack\\src\\components\\customer\\Demand.vue": {"path":"D:\\Deliverbag\\testwebpack\\src\\components\\customer\\Demand.vue","statementMap":{"0":{"start":{"line":68,"column":0},"end":{"line":null,"column":-1}},"1":{"start":{"line":75,"column":0},"end":{"line":null,"column":-1}},"2":{"start":{"line":78,"column":0},"end":{"line":null,"column":-1}}},"fnMap":{"0":{"name":"data","decl":{"start":{"line":67,"column":0},"end":{"line":null,"column":-1}},"loc":{"start":{"line":67,"column":0},"end":{"line":70,"column":0}}},"1":{"name":"swipeRight","decl":{"start":{"line":74,"column":0},"end":{"line":null,"column":-1}},"loc":{"start":{"line":74,"column":0},"end":{"line":76,"column":0}}},"2":{"name":"swipeLeft","decl":{"start":{"line":77,"column":0},"end":{"line":null,"column":-1}},"loc":{"start":{"line":77,"column":0},"end":{"line":79,"column":0}}}},"branchMap":{},"s":{"0":0,"1":0,"2":0},"f":{"0":0,"1":0,"2":0},"b":{}}
,"D:\\Deliverbag\\testwebpack\\src\\components\\customer\\FormulaireDemande.vue": {"path":"D:\\Deliverbag\\testwebpack\\src\\components\\customer\\FormulaireDemande.vue","statementMap":{"0":{"start":{"line":310,"column":0},"end":{"line":null,"column":-1}},"1":{"start":{"line":341,"column":0},"end":{"line":null,"column":-1}},"2":{"start":{"line":345,"column":0},"end":{"line":null,"column":-1}},"3":{"start":{"line":348,"column":0},"end":{"line":null,"column":-1}},"4":{"start":{"line":353,"column":0},"end":{"line":null,"column":-1}},"5":{"start":{"line":354,"column":0},"end":{"line":null,"column":-1}},"6":{"start":{"line":355,"column":0},"end":{"line":362,"column":0}},"7":{"start":{"line":356,"column":0},"end":{"line":null,"column":-1}},"8":{"start":{"line":357,"column":0},"end":{"line":null,"column":-1}},"9":{"start":{"line":360,"column":0},"end":{"line":null,"column":-1}},"10":{"start":{"line":361,"column":0},"end":{"line":null,"column":-1}},"11":{"start":{"line":363,"column":0},"end":{"line":null,"column":-1}},"12":{"start":{"line":367,"column":0},"end":{"line":null,"column":-1}},"13":{"start":{"line":371,"column":0},"end":{"line":null,"column":-1}},"14":{"start":{"line":381,"column":0},"end":{"line":431,"column":0}},"15":{"start":{"line":384,"column":0},"end":{"line":385,"column":0}},"16":{"start":{"line":385,"column":0},"end":{"line":420,"column":0}},"17":{"start":{"line":425,"column":0},"end":{"line":null,"column":-1}},"18":{"start":{"line":428,"column":0},"end":{"line":null,"column":-1}},"19":{"start":{"line":433,"column":0},"end":{"line":null,"column":-1}},"20":{"start":{"line":438,"column":0},"end":{"line":440,"column":0}},"21":{"start":{"line":451,"column":0},"end":{"line":459,"column":0}},"22":{"start":{"line":464,"column":0},"end":{"line":null,"column":-1}},"23":{"start":{"line":465,"column":0},"end":{"line":null,"column":-1}},"24":{"start":{"line":466,"column":0},"end":{"line":null,"column":-1}},"25":{"start":{"line":467,"column":0},"end":{"line":null,"column":-1}},"26":{"start":{"line":468,"column":0},"end":{"line":null,"column":-1}},"27":{"start":{"line":469,"column":0},"end":{"line":null,"column":-1}},"28":{"start":{"line":470,"column":0},"end":{"line":null,"column":-1}},"29":{"start":{"line":475,"column":0},"end":{"line":null,"column":-1}},"30":{"start":{"line":476,"column":0},"end":{"line":478,"column":0}},"31":{"start":{"line":477,"column":0},"end":{"line":null,"column":-1}},"32":{"start":{"line":482,"column":0},"end":{"line":null,"column":-1}},"33":{"start":{"line":483,"column":0},"end":{"line":null,"column":-1}},"34":{"start":{"line":484,"column":0},"end":{"line":null,"column":-1}},"35":{"start":{"line":485,"column":0},"end":{"line":null,"column":-1}},"36":{"start":{"line":490,"column":0},"end":{"line":492,"column":0}},"37":{"start":{"line":491,"column":0},"end":{"line":null,"column":-1}},"38":{"start":{"line":496,"column":0},"end":{"line":null,"column":-1}},"39":{"start":{"line":497,"column":0},"end":{"line":501,"column":0}},"40":{"start":{"line":498,"column":0},"end":{"line":500,"column":0}},"41":{"start":{"line":499,"column":0},"end":{"line":null,"column":-1}},"42":{"start":{"line":502,"column":0},"end":{"line":null,"column":-1}},"43":{"start":{"line":506,"column":0},"end":{"line":null,"column":-1}},"44":{"start":{"line":514,"column":0},"end":{"line":null,"column":-1}},"45":{"start":{"line":515,"column":0},"end":{"line":null,"column":-1}},"46":{"start":{"line":516,"column":0},"end":{"line":531,"column":0}},"47":{"start":{"line":517,"column":0},"end":{"line":null,"column":-1}},"48":{"start":{"line":518,"column":0},"end":{"line":530,"column":0}},"49":{"start":{"line":519,"column":0},"end":{"line":529,"column":0}},"50":{"start":{"line":520,"column":0},"end":{"line":null,"column":-1}},"51":{"start":{"line":523,"column":0},"end":{"line":528,"column":0}},"52":{"start":{"line":524,"column":0},"end":{"line":null,"column":-1}},"53":{"start":{"line":527,"column":0},"end":{"line":null,"column":-1}},"54":{"start":{"line":532,"column":0},"end":{"line":null,"column":-1}},"55":{"start":{"line":537,"column":0},"end":{"line":null,"column":-1}},"56":{"start":{"line":538,"column":0},"end":{"line":null,"column":-1}},"57":{"start":{"line":539,"column":0},"end":{"line":null,"column":-1}},"58":{"start":{"line":540,"column":0},"end":{"line":null,"column":-1}},"59":{"start":{"line":543,"column":0},"end":{"line":null,"column":-1}},"60":{"start":{"line":544,"column":0},"end":{"line":null,"column":-1}},"61":{"start":{"line":546,"column":0},"end":{"line":null,"column":-1}},"62":{"start":{"line":547,"column":0},"end":{"line":560,"column":0}},"63":{"start":{"line":551,"column":0},"end":{"line":554,"column":0}},"64":{"start":{"line":552,"column":0},"end":{"line":null,"column":-1}},"65":{"start":{"line":553,"column":0},"end":{"line":null,"column":-1}},"66":{"start":{"line":555,"column":0},"end":{"line":559,"column":0}},"67":{"start":{"line":556,"column":0},"end":{"line":null,"column":-1}},"68":{"start":{"line":557,"column":0},"end":{"line":null,"column":-1}},"69":{"start":{"line":566,"column":0},"end":{"line":null,"column":-1}},"70":{"start":{"line":567,"column":0},"end":{"line":null,"column":-1}},"71":{"start":{"line":571,"column":0},"end":{"line":574,"column":0}},"72":{"start":{"line":572,"column":0},"end":{"line":null,"column":-1}},"73":{"start":{"line":573,"column":0},"end":{"line":null,"column":-1}},"74":{"start":{"line":578,"column":0},"end":{"line":null,"column":-1}},"75":{"start":{"line":579,"column":0},"end":{"line":null,"column":-1}},"76":{"start":{"line":587,"column":0},"end":{"line":null,"column":-1}},"77":{"start":{"line":588,"column":0},"end":{"line":null,"column":-1}},"78":{"start":{"line":594,"column":0},"end":{"line":null,"column":-1}},"79":{"start":{"line":595,"column":0},"end":{"line":null,"column":-1}},"80":{"start":{"line":596,"column":0},"end":{"line":null,"column":-1}},"81":{"start":{"line":597,"column":0},"end":{"line":null,"column":-1}},"82":{"start":{"line":598,"column":0},"end":{"line":null,"column":-1}},"83":{"start":{"line":599,"column":0},"end":{"line":613,"column":0}},"84":{"start":{"line":600,"column":0},"end":{"line":612,"column":0}},"85":{"start":{"line":601,"column":0},"end":{"line":null,"column":-1}},"86":{"start":{"line":603,"column":0},"end":{"line":null,"column":-1}},"87":{"start":{"line":604,"column":0},"end":{"line":null,"column":-1}},"88":{"start":{"line":606,"column":0},"end":{"line":null,"column":-1}},"89":{"start":{"line":607,"column":0},"end":{"line":null,"column":-1}},"90":{"start":{"line":609,"column":0},"end":{"line":null,"column":-1}},"91":{"start":{"line":610,"column":0},"end":{"line":null,"column":-1}},"92":{"start":{"line":616,"column":0},"end":{"line":null,"column":-1}},"93":{"start":{"line":617,"column":0},"end":{"line":null,"column":-1}},"94":{"start":{"line":630,"column":0},"end":{"line":null,"column":-1}},"95":{"start":{"line":631,"column":0},"end":{"line":null,"column":-1}},"96":{"start":{"line":632,"column":0},"end":{"line":644,"column":0}},"97":{"start":{"line":636,"column":0},"end":{"line":640,"column":0}},"98":{"start":{"line":637,"column":0},"end":{"line":null,"column":-1}},"99":{"start":{"line":638,"column":0},"end":{"line":null,"column":-1}},"100":{"start":{"line":639,"column":0},"end":{"line":null,"column":-1}},"101":{"start":{"line":641,"column":0},"end":{"line":643,"column":0}},"102":{"start":{"line":642,"column":0},"end":{"line":null,"column":-1}},"103":{"start":{"line":656,"column":0},"end":{"line":null,"column":-1}},"104":{"start":{"line":657,"column":0},"end":{"line":null,"column":-1}},"105":{"start":{"line":658,"column":0},"end":{"line":null,"column":-1}},"106":{"start":{"line":659,"column":0},"end":{"line":673,"column":0}},"107":{"start":{"line":660,"column":0},"end":{"line":672,"column":0}},"108":{"start":{"line":663,"column":0},"end":{"line":671,"column":0}},"109":{"start":{"line":664,"column":0},"end":{"line":null,"column":-1}},"110":{"start":{"line":665,"column":0},"end":{"line":null,"column":-1}},"111":{"start":{"line":668,"column":0},"end":{"line":670,"column":0}},"112":{"start":{"line":669,"column":0},"end":{"line":null,"column":-1}},"113":{"start":{"line":674,"column":0},"end":{"line":694,"column":0}},"114":{"start":{"line":675,"column":0},"end":{"line":null,"column":-1}},"115":{"start":{"line":684,"column":0},"end":{"line":null,"column":-1}},"116":{"start":{"line":685,"column":0},"end":{"line":687,"column":0}},"117":{"start":{"line":686,"column":0},"end":{"line":null,"column":-1}},"118":{"start":{"line":688,"column":0},"end":{"line":690,"column":0}},"119":{"start":{"line":689,"column":0},"end":{"line":null,"column":-1}},"120":{"start":{"line":691,"column":0},"end":{"line":null,"column":-1}},"121":{"start":{"line":692,"column":0},"end":{"line":null,"column":-1}},"122":{"start":{"line":698,"column":0},"end":{"line":null,"column":-1}},"123":{"start":{"line":699,"column":0},"end":{"line":null,"column":-1}},"124":{"start":{"line":700,"column":0},"end":{"line":null,"column":-1}},"125":{"start":{"line":701,"column":0},"end":{"line":null,"column":-1}},"126":{"start":{"line":703,"column":0},"end":{"line":763,"column":0}},"127":{"start":{"line":705,"column":0},"end":{"line":null,"column":-1}},"128":{"start":{"line":710,"column":0},"end":{"line":756,"column":0}},"129":{"start":{"line":711,"column":0},"end":{"line":null,"column":-1}},"130":{"start":{"line":714,"column":0},"end":{"line":null,"column":-1}},"131":{"start":{"line":716,"column":0},"end":{"line":null,"column":-1}},"132":{"start":{"line":718,"column":0},"end":{"line":720,"column":0}},"133":{"start":{"line":719,"column":0},"end":{"line":null,"column":-1}},"134":{"start":{"line":722,"column":0},"end":{"line":null,"column":-1}},"135":{"start":{"line":729,"column":0},"end":{"line":null,"column":-1}},"136":{"start":{"line":730,"column":0},"end":{"line":732,"column":0}},"137":{"start":{"line":731,"column":0},"end":{"line":null,"column":-1}},"138":{"start":{"line":733,"column":0},"end":{"line":null,"column":-1}},"139":{"start":{"line":734,"column":0},"end":{"line":null,"column":-1}},"140":{"start":{"line":736,"column":0},"end":{"line":746,"column":0}},"141":{"start":{"line":737,"column":0},"end":{"line":745,"column":0}},"142":{"start":{"line":738,"column":0},"end":{"line":null,"column":-1}},"143":{"start":{"line":739,"column":0},"end":{"line":null,"column":-1}},"144":{"start":{"line":740,"column":0},"end":{"line":null,"column":-1}},"145":{"start":{"line":741,"column":0},"end":{"line":null,"column":-1}},"146":{"start":{"line":742,"column":0},"end":{"line":null,"column":-1}},"147":{"start":{"line":743,"column":0},"end":{"line":null,"column":-1}},"148":{"start":{"line":744,"column":0},"end":{"line":null,"column":-1}},"149":{"start":{"line":748,"column":0},"end":{"line":753,"column":0}},"150":{"start":{"line":749,"column":0},"end":{"line":null,"column":-1}},"151":{"start":{"line":750,"column":0},"end":{"line":752,"column":0}},"152":{"start":{"line":751,"column":0},"end":{"line":null,"column":-1}},"153":{"start":{"line":754,"column":0},"end":{"line":null,"column":-1}},"154":{"start":{"line":759,"column":0},"end":{"line":null,"column":-1}},"155":{"start":{"line":760,"column":0},"end":{"line":null,"column":-1}},"156":{"start":{"line":767,"column":0},"end":{"line":null,"column":-1}},"157":{"start":{"line":770,"column":0},"end":{"line":799,"column":0}},"158":{"start":{"line":771,"column":0},"end":{"line":null,"column":-1}},"159":{"start":{"line":773,"column":0},"end":{"line":798,"column":0}},"160":{"start":{"line":776,"column":0},"end":{"line":null,"column":-1}},"161":{"start":{"line":779,"column":0},"end":{"line":null,"column":-1}},"162":{"start":{"line":780,"column":0},"end":{"line":null,"column":-1}},"163":{"start":{"line":781,"column":0},"end":{"line":null,"column":-1}},"164":{"start":{"line":782,"column":0},"end":{"line":null,"column":-1}},"165":{"start":{"line":783,"column":0},"end":{"line":null,"column":-1}},"166":{"start":{"line":784,"column":0},"end":{"line":null,"column":-1}},"167":{"start":{"line":785,"column":0},"end":{"line":null,"column":-1}},"168":{"start":{"line":786,"column":0},"end":{"line":null,"column":-1}},"169":{"start":{"line":787,"column":0},"end":{"line":null,"column":-1}},"170":{"start":{"line":788,"column":0},"end":{"line":null,"column":-1}},"171":{"start":{"line":789,"column":0},"end":{"line":null,"column":-1}},"172":{"start":{"line":791,"column":0},"end":{"line":795,"column":0}},"173":{"start":{"line":792,"column":0},"end":{"line":null,"column":-1}},"174":{"start":{"line":794,"column":0},"end":{"line":null,"column":-1}},"175":{"start":{"line":804,"column":0},"end":{"line":null,"column":-1}},"176":{"start":{"line":805,"column":0},"end":{"line":null,"column":-1}},"177":{"start":{"line":806,"column":0},"end":{"line":null,"column":-1}},"178":{"start":{"line":807,"column":0},"end":{"line":814,"column":0}},"179":{"start":{"line":808,"column":0},"end":{"line":null,"column":-1}},"180":{"start":{"line":810,"column":0},"end":{"line":null,"column":-1}},"181":{"start":{"line":811,"column":0},"end":{"line":null,"column":-1}},"182":{"start":{"line":812,"column":0},"end":{"line":null,"column":-1}},"183":{"start":{"line":813,"column":0},"end":{"line":null,"column":-1}},"184":{"start":{"line":820,"column":0},"end":{"line":null,"column":-1}},"185":{"start":{"line":821,"column":0},"end":{"line":null,"column":-1}},"186":{"start":{"line":822,"column":0},"end":{"line":null,"column":-1}},"187":{"start":{"line":825,"column":0},"end":{"line":null,"column":-1}},"188":{"start":{"line":829,"column":0},"end":{"line":null,"column":-1}},"189":{"start":{"line":834,"column":0},"end":{"line":null,"column":-1}},"190":{"start":{"line":835,"column":0},"end":{"line":null,"column":-1}},"191":{"start":{"line":836,"column":0},"end":{"line":839,"column":0}},"192":{"start":{"line":837,"column":0},"end":{"line":null,"column":-1}},"193":{"start":{"line":838,"column":0},"end":{"line":null,"column":-1}},"194":{"start":{"line":843,"column":0},"end":{"line":851,"column":0}},"195":{"start":{"line":844,"column":0},"end":{"line":null,"column":-1}},"196":{"start":{"line":845,"column":0},"end":{"line":null,"column":-1}},"197":{"start":{"line":847,"column":0},"end":{"line":850,"column":0}},"198":{"start":{"line":848,"column":0},"end":{"line":null,"column":-1}},"199":{"start":{"line":849,"column":0},"end":{"line":null,"column":-1}}},"fnMap":{"0":{"name":"data","decl":{"start":{"line":309,"column":0},"end":{"line":null,"column":-1}},"loc":{"start":{"line":309,"column":0},"end":{"line":337,"column":0}}},"1":{"name":"compagnyId","decl":{"start":{"line":340,"column":0},"end":{"line":null,"column":-1}},"loc":{"start":{"line":340,"column":0},"end":{"line":343,"column":0}}},"2":{"name":"flightId","decl":{"start":{"line":344,"column":0},"end":{"line":null,"column":-1}},"loc":{"start":{"line":344,"column":0},"end":{"line":346,"column":0}}},"3":{"name":"dateFormated","decl":{"start":{"line":347,"column":0},"end":{"line":null,"column":-1}},"loc":{"start":{"line":347,"column":0},"end":{"line":350,"column":0}}},"4":{"name":"dateTime","decl":{"start":{"line":352,"column":0},"end":{"line":null,"column":-1}},"loc":{"start":{"line":352,"column":0},"end":{"line":364,"column":0}}},"5":{"name":"displayDate","decl":{"start":{"line":366,"column":0},"end":{"line":null,"column":-1}},"loc":{"start":{"line":366,"column":0},"end":{"line":368,"column":0}}},"6":{"name":"displayTime","decl":{"start":{"line":370,"column":0},"end":{"line":null,"column":-1}},"loc":{"start":{"line":370,"column":0},"end":{"line":372,"column":0}}},"7":{"name":"reponse","decl":{"start":{"line":379,"column":0},"end":{"line":null,"column":-1}},"loc":{"start":{"line":379,"column":0},"end":{"line":434,"column":0}}},"8":{"name":"success","decl":{"start":{"line":424,"column":0},"end":{"line":null,"column":-1}},"loc":{"start":{"line":424,"column":0},"end":{"line":426,"column":0}}},"9":{"name":"error","decl":{"start":{"line":427,"column":0},"end":{"line":null,"column":-1}},"loc":{"start":{"line":427,"column":0},"end":{"line":429,"column":0}}},"10":{"name":"openCamera","decl":{"start":{"line":437,"column":0},"end":{"line":null,"column":-1}},"loc":{"start":{"line":437,"column":0},"end":{"line":448,"column":0}}},"11":{"name":"(anonymous_13)","decl":{"start":{"line":438,"column":0},"end":{"line":null,"column":-1}},"loc":{"start":{"line":438,"column":0},"end":{"line":440,"column":0}}},"12":{"name":"openGalery","decl":{"start":{"line":450,"column":0},"end":{"line":null,"column":-1}},"loc":{"start":{"line":450,"column":0},"end":{"line":460,"column":0}}},"13":{"name":"(anonymous_15)","decl":{"start":{"line":451,"column":0},"end":{"line":null,"column":-1}},"loc":{"start":{"line":451,"column":0},"end":{"line":453,"column":0}}},"14":{"name":"ajoutBagage","decl":{"start":{"line":463,"column":0},"end":{"line":null,"column":-1}},"loc":{"start":{"line":463,"column":0},"end":{"line":472,"column":0}}},"15":{"name":"supprBagage","decl":{"start":{"line":474,"column":0},"end":{"line":null,"column":-1}},"loc":{"start":{"line":474,"column":0},"end":{"line":479,"column":0}}},"16":{"name":"resetData","decl":{"start":{"line":481,"column":0},"end":{"line":null,"column":-1}},"loc":{"start":{"line":481,"column":0},"end":{"line":487,"column":0}}},"17":{"name":"isFormOk","decl":{"start":{"line":489,"column":0},"end":{"line":null,"column":-1}},"loc":{"start":{"line":489,"column":0},"end":{"line":493,"column":0}}},"18":{"name":"checkErrors","decl":{"start":{"line":495,"column":0},"end":{"line":null,"column":-1}},"loc":{"start":{"line":495,"column":0},"end":{"line":503,"column":0}}},"19":{"name":"verifBagage","decl":{"start":{"line":505,"column":0},"end":{"line":null,"column":-1}},"loc":{"start":{"line":505,"column":0},"end":{"line":510,"column":0}}},"20":{"name":"bagageOk","decl":{"start":{"line":512,"column":0},"end":{"line":null,"column":-1}},"loc":{"start":{"line":512,"column":0},"end":{"line":533,"column":0}}},"21":{"name":"verifGare","decl":{"start":{"line":535,"column":0},"end":{"line":null,"column":-1}},"loc":{"start":{"line":535,"column":0},"end":{"line":562,"column":0}}},"22":{"name":"(anonymous_24)","decl":{"start":{"line":548,"column":0},"end":{"line":null,"column":-1}},"loc":{"start":{"line":548,"column":0},"end":{"line":560,"column":0}}},"23":{"name":"getDepartments","decl":{"start":{"line":565,"column":0},"end":{"line":null,"column":-1}},"loc":{"start":{"line":565,"column":0},"end":{"line":582,"column":0}}},"24":{"name":"success","decl":{"start":{"line":570,"column":0},"end":{"line":null,"column":-1}},"loc":{"start":{"line":570,"column":0},"end":{"line":576,"column":0}}},"25":{"name":"error","decl":{"start":{"line":577,"column":0},"end":{"line":null,"column":-1}},"loc":{"start":{"line":577,"column":0},"end":{"line":580,"column":0}}},"26":{"name":"getBagages","decl":{"start":{"line":586,"column":0},"end":{"line":null,"column":-1}},"loc":{"start":{"line":586,"column":0},"end":{"line":620,"column":0}}},"27":{"name":"success","decl":{"start":{"line":593,"column":0},"end":{"line":null,"column":-1}},"loc":{"start":{"line":593,"column":0},"end":{"line":614,"column":0}}},"28":{"name":"error","decl":{"start":{"line":615,"column":0},"end":{"line":null,"column":-1}},"loc":{"start":{"line":615,"column":0},"end":{"line":618,"column":0}}},"29":{"name":"geocode","decl":{"start":{"line":629,"column":0},"end":{"line":null,"column":-1}},"loc":{"start":{"line":629,"column":0},"end":{"line":645,"column":0}}},"30":{"name":"(anonymous_32)","decl":{"start":{"line":633,"column":0},"end":{"line":null,"column":-1}},"loc":{"start":{"line":633,"column":0},"end":{"line":644,"column":0}}},"31":{"name":"verifyDepartment","decl":{"start":{"line":651,"column":0},"end":{"line":null,"column":-1}},"loc":{"start":{"line":651,"column":0},"end":{"line":695,"column":0}}},"32":{"name":"traitementVol","decl":{"start":{"line":696,"column":0},"end":{"line":null,"column":-1}},"loc":{"start":{"line":696,"column":0},"end":{"line":764,"column":0}}},"33":{"name":"success","decl":{"start":{"line":708,"column":0},"end":{"line":null,"column":-1}},"loc":{"start":{"line":708,"column":0},"end":{"line":757,"column":0}}},"34":{"name":"(anonymous_36)","decl":{"start":{"line":736,"column":0},"end":{"line":null,"column":-1}},"loc":{"start":{"line":736,"column":0},"end":{"line":746,"column":0}}},"35":{"name":"error","decl":{"start":{"line":758,"column":0},"end":{"line":null,"column":-1}},"loc":{"start":{"line":758,"column":0},"end":{"line":761,"column":0}}},"36":{"name":"traitementTrain","decl":{"start":{"line":766,"column":0},"end":{"line":null,"column":-1}},"loc":{"start":{"line":766,"column":0},"end":{"line":800,"column":0}}},"37":{"name":"(anonymous_39)","decl":{"start":{"line":773,"column":0},"end":{"line":null,"column":-1}},"loc":{"start":{"line":773,"column":0},"end":{"line":777,"column":0}}},"38":{"name":"(anonymous_40)","decl":{"start":{"line":777,"column":0},"end":{"line":null,"column":-1}},"loc":{"start":{"line":777,"column":0},"end":{"line":798,"column":0}}},"39":{"name":"traitement_gares","decl":{"start":{"line":802,"column":0},"end":{"line":null,"column":-1}},"loc":{"start":{"line":802,"column":0},"end":{"line":815,"column":0}}},"40":{"name":"mounted","decl":{"start":{"line":818,"column":0},"end":{"line":null,"column":-1}},"loc":{"start":{"line":818,"column":0},"end":{"line":852,"column":0}}},"41":{"name":"(anonymous_43)","decl":{"start":{"line":836,"column":0},"end":{"line":null,"column":-1}},"loc":{"start":{"line":836,"column":0},"end":{"line":839,"column":0}}},"42":{"name":"(anonymous_44)","decl":{"start":{"line":847,"column":0},"end":{"line":null,"column":-1}},"loc":{"start":{"line":847,"column":0},"end":{"line":850,"column":0}}}},"branchMap":{"0":{"loc":{"start":{"line":348,"column":0},"end":{"line":null,"column":-1}},"type":"if","locations":[{"start":{"line":348,"column":0},"end":{"line":null,"column":-1}},{"start":{"line":348,"column":0},"end":{"line":null,"column":-1}}]},"1":{"loc":{"start":{"line":355,"column":0},"end":{"line":362,"column":0}},"type":"if","locations":[{"start":{"line":355,"column":0},"end":{"line":362,"column":0}},{"start":{"line":355,"column":0},"end":{"line":362,"column":0}}]},"2":{"loc":{"start":{"line":381,"column":0},"end":{"line":431,"column":0}},"type":"if","locations":[{"start":{"line":381,"column":0},"end":{"line":431,"column":0}},{"start":{"line":381,"column":0},"end":{"line":431,"column":0}}]},"3":{"loc":{"start":{"line":465,"column":0},"end":{"line":466,"column":0}},"type":"switch","locations":[{"start":{"line":465,"column":0},"end":{"line":466,"column":0}},{"start":{"line":467,"column":0},"end":{"line":468,"column":0}},{"start":{"line":469,"column":0},"end":{"line":470,"column":0}}]},"4":{"loc":{"start":{"line":476,"column":0},"end":{"line":478,"column":0}},"type":"if","locations":[{"start":{"line":476,"column":0},"end":{"line":478,"column":0}},{"start":{"line":476,"column":0},"end":{"line":478,"column":0}}]},"5":{"loc":{"start":{"line":490,"column":0},"end":{"line":492,"column":0}},"type":"if","locations":[{"start":{"line":490,"column":0},"end":{"line":492,"column":0}},{"start":{"line":490,"column":0},"end":{"line":492,"column":0}}]},"6":{"loc":{"start":{"line":490,"column":0},"end":{"line":null,"column":-1}},"type":"binary-expr","locations":[{"start":{"line":490,"column":0},"end":{"line":null,"column":-1}},{"start":{"line":490,"column":0},"end":{"line":null,"column":-1}},{"start":{"line":490,"column":0},"end":{"line":null,"column":-1}},{"start":{"line":490,"column":0},"end":{"line":null,"column":-1}},{"start":{"line":490,"column":0},"end":{"line":null,"column":-1}}]},"7":{"loc":{"start":{"line":498,"column":0},"end":{"line":500,"column":0}},"type":"if","locations":[{"start":{"line":498,"column":0},"end":{"line":500,"column":0}},{"start":{"line":498,"column":0},"end":{"line":500,"column":0}}]},"8":{"loc":{"start":{"line":506,"column":0},"end":{"line":null,"column":-1}},"type":"binary-expr","locations":[{"start":{"line":506,"column":0},"end":{"line":null,"column":-1}},{"start":{"line":506,"column":0},"end":{"line":null,"column":-1}},{"start":{"line":506,"column":0},"end":{"line":null,"column":-1}},{"start":{"line":506,"column":0},"end":{"line":null,"column":-1}}]},"9":{"loc":{"start":{"line":516,"column":0},"end":{"line":531,"column":0}},"type":"if","locations":[{"start":{"line":516,"column":0},"end":{"line":531,"column":0}},{"start":{"line":516,"column":0},"end":{"line":531,"column":0}}]},"10":{"loc":{"start":{"line":519,"column":0},"end":{"line":529,"column":0}},"type":"if","locations":[{"start":{"line":519,"column":0},"end":{"line":529,"column":0}},{"start":{"line":519,"column":0},"end":{"line":529,"column":0}}]},"11":{"loc":{"start":{"line":523,"column":0},"end":{"line":528,"column":0}},"type":"if","locations":[{"start":{"line":523,"column":0},"end":{"line":528,"column":0}},{"start":{"line":523,"column":0},"end":{"line":528,"column":0}}]},"12":{"loc":{"start":{"line":551,"column":0},"end":{"line":554,"column":0}},"type":"if","locations":[{"start":{"line":551,"column":0},"end":{"line":554,"column":0}},{"start":{"line":551,"column":0},"end":{"line":554,"column":0}}]},"13":{"loc":{"start":{"line":555,"column":0},"end":{"line":559,"column":0}},"type":"if","locations":[{"start":{"line":555,"column":0},"end":{"line":559,"column":0}},{"start":{"line":555,"column":0},"end":{"line":559,"column":0}}]},"14":{"loc":{"start":{"line":599,"column":0},"end":{"line":613,"column":0}},"type":"if","locations":[{"start":{"line":599,"column":0},"end":{"line":613,"column":0}},{"start":{"line":599,"column":0},"end":{"line":613,"column":0}}]},"15":{"loc":{"start":{"line":602,"column":0},"end":{"line":604,"column":0}},"type":"switch","locations":[{"start":{"line":602,"column":0},"end":{"line":604,"column":0}},{"start":{"line":605,"column":0},"end":{"line":607,"column":0}},{"start":{"line":608,"column":0},"end":{"line":610,"column":0}}]},"16":{"loc":{"start":{"line":636,"column":0},"end":{"line":640,"column":0}},"type":"if","locations":[{"start":{"line":636,"column":0},"end":{"line":640,"column":0}},{"start":{"line":636,"column":0},"end":{"line":640,"column":0}}]},"17":{"loc":{"start":{"line":641,"column":0},"end":{"line":643,"column":0}},"type":"if","locations":[{"start":{"line":641,"column":0},"end":{"line":643,"column":0}},{"start":{"line":641,"column":0},"end":{"line":643,"column":0}}]},"18":{"loc":{"start":{"line":663,"column":0},"end":{"line":671,"column":0}},"type":"if","locations":[{"start":{"line":663,"column":0},"end":{"line":671,"column":0}},{"start":{"line":663,"column":0},"end":{"line":671,"column":0}}]},"19":{"loc":{"start":{"line":663,"column":0},"end":{"line":null,"column":-1}},"type":"binary-expr","locations":[{"start":{"line":663,"column":0},"end":{"line":null,"column":-1}},{"start":{"line":663,"column":0},"end":{"line":null,"column":-1}}]},"20":{"loc":{"start":{"line":668,"column":0},"end":{"line":670,"column":0}},"type":"if","locations":[{"start":{"line":668,"column":0},"end":{"line":670,"column":0}},{"start":{"line":668,"column":0},"end":{"line":670,"column":0}}]},"21":{"loc":{"start":{"line":668,"column":0},"end":{"line":null,"column":-1}},"type":"binary-expr","locations":[{"start":{"line":668,"column":0},"end":{"line":null,"column":-1}},{"start":{"line":668,"column":0},"end":{"line":null,"column":-1}}]},"22":{"loc":{"start":{"line":674,"column":0},"end":{"line":694,"column":0}},"type":"if","locations":[{"start":{"line":674,"column":0},"end":{"line":694,"column":0}},{"start":{"line":674,"column":0},"end":{"line":694,"column":0}}]},"23":{"loc":{"start":{"line":685,"column":0},"end":{"line":687,"column":0}},"type":"if","locations":[{"start":{"line":685,"column":0},"end":{"line":687,"column":0}},{"start":{"line":685,"column":0},"end":{"line":687,"column":0}}]},"24":{"loc":{"start":{"line":688,"column":0},"end":{"line":690,"column":0}},"type":"if","locations":[{"start":{"line":688,"column":0},"end":{"line":690,"column":0}},{"start":{"line":688,"column":0},"end":{"line":690,"column":0}}]},"25":{"loc":{"start":{"line":703,"column":0},"end":{"line":763,"column":0}},"type":"if","locations":[{"start":{"line":703,"column":0},"end":{"line":763,"column":0}},{"start":{"line":703,"column":0},"end":{"line":763,"column":0}}]},"26":{"loc":{"start":{"line":710,"column":0},"end":{"line":756,"column":0}},"type":"if","locations":[{"start":{"line":710,"column":0},"end":{"line":756,"column":0}},{"start":{"line":710,"column":0},"end":{"line":756,"column":0}}]},"27":{"loc":{"start":{"line":718,"column":0},"end":{"line":720,"column":0}},"type":"if","locations":[{"start":{"line":718,"column":0},"end":{"line":720,"column":0}},{"start":{"line":718,"column":0},"end":{"line":720,"column":0}}]},"28":{"loc":{"start":{"line":730,"column":0},"end":{"line":732,"column":0}},"type":"if","locations":[{"start":{"line":730,"column":0},"end":{"line":732,"column":0}},{"start":{"line":730,"column":0},"end":{"line":732,"column":0}}]},"29":{"loc":{"start":{"line":737,"column":0},"end":{"line":745,"column":0}},"type":"if","locations":[{"start":{"line":737,"column":0},"end":{"line":745,"column":0}},{"start":{"line":737,"column":0},"end":{"line":745,"column":0}}]},"30":{"loc":{"start":{"line":748,"column":0},"end":{"line":753,"column":0}},"type":"if","locations":[{"start":{"line":748,"column":0},"end":{"line":753,"column":0}},{"start":{"line":748,"column":0},"end":{"line":753,"column":0}}]},"31":{"loc":{"start":{"line":750,"column":0},"end":{"line":752,"column":0}},"type":"if","locations":[{"start":{"line":750,"column":0},"end":{"line":752,"column":0}},{"start":{"line":750,"column":0},"end":{"line":752,"column":0}}]},"32":{"loc":{"start":{"line":770,"column":0},"end":{"line":799,"column":0}},"type":"if","locations":[{"start":{"line":770,"column":0},"end":{"line":799,"column":0}},{"start":{"line":770,"column":0},"end":{"line":799,"column":0}}]},"33":{"loc":{"start":{"line":780,"column":0},"end":{"line":781,"column":0}},"type":"switch","locations":[{"start":{"line":780,"column":0},"end":{"line":781,"column":0}},{"start":{"line":782,"column":0},"end":{"line":783,"column":0}},{"start":{"line":784,"column":0},"end":{"line":785,"column":0}},{"start":{"line":786,"column":0},"end":{"line":787,"column":0}},{"start":{"line":788,"column":0},"end":{"line":789,"column":0}},{"start":{"line":790,"column":0},"end":{"line":795,"column":0}}]},"34":{"loc":{"start":{"line":791,"column":0},"end":{"line":795,"column":0}},"type":"if","locations":[{"start":{"line":791,"column":0},"end":{"line":795,"column":0}},{"start":{"line":791,"column":0},"end":{"line":795,"column":0}}]},"35":{"loc":{"start":{"line":843,"column":0},"end":{"line":851,"column":0}},"type":"if","locations":[{"start":{"line":843,"column":0},"end":{"line":851,"column":0}},{"start":{"line":843,"column":0},"end":{"line":851,"column":0}}]}},"s":{"0":0,"1":0,"2":0,"3":0,"4":0,"5":0,"6":0,"7":0,"8":0,"9":0,"10":0,"11":0,"12":0,"13":0,"14":0,"15":0,"16":0,"17":0,"18":0,"19":0,"20":0,"21":0,"22":0,"23":0,"24":0,"25":0,"26":0,"27":0,"28":0,"29":0,"30":0,"31":0,"32":0,"33":0,"34":0,"35":0,"36":0,"37":0,"38":0,"39":0,"40":0,"41":0,"42":0,"43":0,"44":0,"45":0,"46":0,"47":0,"48":0,"49":0,"50":0,"51":0,"52":0,"53":0,"54":0,"55":0,"56":0,"57":0,"58":0,"59":0,"60":0,"61":0,"62":0,"63":0,"64":0,"65":0,"66":0,"67":0,"68":0,"69":0,"70":0,"71":0,"72":0,"73":0,"74":0,"75":0,"76":0,"77":0,"78":0,"79":0,"80":0,"81":0,"82":0,"83":0,"84":0,"85":0,"86":0,"87":0,"88":0,"89":0,"90":0,"91":0,"92":0,"93":0,"94":0,"95":0,"96":0,"97":0,"98":0,"99":0,"100":0,"101":0,"102":0,"103":0,"104":0,"105":0,"106":0,"107":0,"108":0,"109":0,"110":0,"111":0,"112":0,"113":0,"114":0,"115":0,"116":0,"117":0,"118":0,"119":0,"120":0,"121":0,"122":0,"123":0,"124":0,"125":0,"126":0,"127":0,"128":0,"129":0,"130":0,"131":0,"132":0,"133":0,"134":0,"135":0,"136":0,"137":0,"138":0,"139":0,"140":0,"141":0,"142":0,"143":0,"144":0,"145":0,"146":0,"147":0,"148":0,"149":0,"150":0,"151":0,"152":0,"153":0,"154":0,"155":0,"156":0,"157":0,"158":0,"159":0,"160":0,"161":0,"162":0,"163":0,"164":0,"165":0,"166":0,"167":0,"168":0,"169":0,"170":0,"171":0,"172":0,"173":0,"174":0,"175":0,"176":0,"177":0,"178":0,"179":0,"180":0,"181":0,"182":0,"183":0,"184":0,"185":0,"186":0,"187":0,"188":0,"189":0,"190":0,"191":0,"192":0,"193":0,"194":0,"195":0,"196":0,"197":0,"198":0,"199":0},"f":{"0":0,"1":0,"2":0,"3":0,"4":0,"5":0,"6":0,"7":0,"8":0,"9":0,"10":0,"11":0,"12":0,"13":0,"14":0,"15":0,"16":0,"17":0,"18":0,"19":0,"20":0,"21":0,"22":0,"23":0,"24":0,"25":0,"26":0,"27":0,"28":0,"29":0,"30":0,"31":0,"32":0,"33":0,"34":0,"35":0,"36":0,"37":0,"38":0,"39":0,"40":0,"41":0,"42":0},"b":{"0":[0,0],"1":[0,0],"2":[0,0],"3":[0,0,0],"4":[0,0],"5":[0,0],"6":[0,0,0,0,0],"7":[0,0],"8":[0,0,0,0],"9":[0,0],"10":[0,0],"11":[0,0],"12":[0,0],"13":[0,0],"14":[0,0],"15":[0,0,0],"16":[0,0],"17":[0,0],"18":[0,0],"19":[0,0],"20":[0,0],"21":[0,0],"22":[0,0],"23":[0,0],"24":[0,0],"25":[0,0],"26":[0,0],"27":[0,0],"28":[0,0],"29":[0,0],"30":[0,0],"31":[0,0],"32":[0,0],"33":[0,0,0,0,0,0],"34":[0,0],"35":[0,0]}}
,"D:\\Deliverbag\\testwebpack\\src\\components\\customer\\Menu.vue": {"path":"D:\\Deliverbag\\testwebpack\\src\\components\\customer\\Menu.vue","statementMap":{"0":{"start":{"line":21,"column":0},"end":{"line":null,"column":-1}}},"fnMap":{"0":{"name":"data","decl":{"start":{"line":20,"column":0},"end":{"line":null,"column":-1}},"loc":{"start":{"line":20,"column":0},"end":{"line":24,"column":0}}}},"branchMap":{},"s":{"0":0},"f":{"0":0},"b":{}}
,"D:\\Deliverbag\\testwebpack\\src\\components\\customer\\MesCourses.vue": {"path":"D:\\Deliverbag\\testwebpack\\src\\components\\customer\\MesCourses.vue","statementMap":{"0":{"start":{"line":88,"column":0},"end":{"line":null,"column":-1}},"1":{"start":{"line":110,"column":0},"end":{"line":null,"column":-1}},"2":{"start":{"line":111,"column":0},"end":{"line":null,"column":-1}},"3":{"start":{"line":117,"column":0},"end":{"line":null,"column":-1}},"4":{"start":{"line":118,"column":0},"end":{"line":133,"column":0}},"5":{"start":{"line":119,"column":0},"end":{"line":null,"column":-1}},"6":{"start":{"line":120,"column":0},"end":{"line":null,"column":-1}},"7":{"start":{"line":121,"column":0},"end":{"line":null,"column":-1}},"8":{"start":{"line":122,"column":0},"end":{"line":null,"column":-1}},"9":{"start":{"line":123,"column":0},"end":{"line":null,"column":-1}},"10":{"start":{"line":124,"column":0},"end":{"line":null,"column":-1}},"11":{"start":{"line":125,"column":0},"end":{"line":null,"column":-1}},"12":{"start":{"line":126,"column":0},"end":{"line":null,"column":-1}},"13":{"start":{"line":127,"column":0},"end":{"line":null,"column":-1}},"14":{"start":{"line":128,"column":0},"end":{"line":null,"column":-1}},"15":{"start":{"line":129,"column":0},"end":{"line":null,"column":-1}},"16":{"start":{"line":130,"column":0},"end":{"line":null,"column":-1}},"17":{"start":{"line":131,"column":0},"end":{"line":null,"column":-1}},"18":{"start":{"line":136,"column":0},"end":{"line":null,"column":-1}},"19":{"start":{"line":137,"column":0},"end":{"line":null,"column":-1}},"20":{"start":{"line":147,"column":0},"end":{"line":null,"column":-1}},"21":{"start":{"line":158,"column":0},"end":{"line":null,"column":-1}},"22":{"start":{"line":161,"column":0},"end":{"line":null,"column":-1}},"23":{"start":{"line":162,"column":0},"end":{"line":null,"column":-1}},"24":{"start":{"line":167,"column":0},"end":{"line":null,"column":-1}},"25":{"start":{"line":170,"column":0},"end":{"line":null,"column":-1}}},"fnMap":{"0":{"name":"data","decl":{"start":{"line":87,"column":0},"end":{"line":null,"column":-1}},"loc":{"start":{"line":87,"column":0},"end":{"line":105,"column":0}}},"1":{"name":"mounted","decl":{"start":{"line":108,"column":0},"end":{"line":null,"column":-1}},"loc":{"start":{"line":108,"column":0},"end":{"line":141,"column":0}}},"2":{"name":"success","decl":{"start":{"line":116,"column":0},"end":{"line":null,"column":-1}},"loc":{"start":{"line":116,"column":0},"end":{"line":134,"column":0}}},"3":{"name":"error","decl":{"start":{"line":135,"column":0},"end":{"line":null,"column":-1}},"loc":{"start":{"line":135,"column":0},"end":{"line":138,"column":0}}},"4":{"name":"sendRating","decl":{"start":{"line":145,"column":0},"end":{"line":null,"column":-1}},"loc":{"start":{"line":145,"column":0},"end":{"line":165,"column":0}}},"5":{"name":"success","decl":{"start":{"line":157,"column":0},"end":{"line":null,"column":-1}},"loc":{"start":{"line":157,"column":0},"end":{"line":159,"column":0}}},"6":{"name":"error","decl":{"start":{"line":160,"column":0},"end":{"line":null,"column":-1}},"loc":{"start":{"line":160,"column":0},"end":{"line":163,"column":0}}},"7":{"name":"swipeLeft","decl":{"start":{"line":166,"column":0},"end":{"line":null,"column":-1}},"loc":{"start":{"line":166,"column":0},"end":{"line":168,"column":0}}},"8":{"name":"detailsCourse","decl":{"start":{"line":169,"column":0},"end":{"line":null,"column":-1}},"loc":{"start":{"line":169,"column":0},"end":{"line":172,"column":0}}}},"branchMap":{"0":{"loc":{"start":{"line":120,"column":0},"end":{"line":121,"column":0}},"type":"switch","locations":[{"start":{"line":120,"column":0},"end":{"line":121,"column":0}},{"start":{"line":122,"column":0},"end":{"line":123,"column":0}},{"start":{"line":124,"column":0},"end":{"line":125,"column":0}},{"start":{"line":126,"column":0},"end":{"line":127,"column":0}},{"start":{"line":128,"column":0},"end":{"line":129,"column":0}},{"start":{"line":130,"column":0},"end":{"line":131,"column":0}}]}},"s":{"0":0,"1":0,"2":0,"3":0,"4":0,"5":0,"6":0,"7":0,"8":0,"9":0,"10":0,"11":0,"12":0,"13":0,"14":0,"15":0,"16":0,"17":0,"18":0,"19":0,"20":0,"21":0,"22":0,"23":0,"24":0,"25":0},"f":{"0":0,"1":0,"2":0,"3":0,"4":0,"5":0,"6":0,"7":0,"8":0},"b":{"0":[0,0,0,0,0,0]}}
,"D:\\Deliverbag\\testwebpack\\src\\components\\customer\\ProfileCustomer.vue": {"path":"D:\\Deliverbag\\testwebpack\\src\\components\\customer\\ProfileCustomer.vue","statementMap":{"0":{"start":{"line":119,"column":0},"end":{"line":null,"column":-1}},"1":{"start":{"line":131,"column":0},"end":{"line":null,"column":-1}},"2":{"start":{"line":133,"column":0},"end":{"line":null,"column":-1}},"3":{"start":{"line":136,"column":0},"end":{"line":null,"column":-1}},"4":{"start":{"line":137,"column":0},"end":{"line":null,"column":-1}},"5":{"start":{"line":147,"column":0},"end":{"line":null,"column":-1}},"6":{"start":{"line":148,"column":0},"end":{"line":null,"column":-1}},"7":{"start":{"line":155,"column":0},"end":{"line":null,"column":-1}},"8":{"start":{"line":156,"column":0},"end":{"line":null,"column":-1}},"9":{"start":{"line":157,"column":0},"end":{"line":null,"column":-1}},"10":{"start":{"line":158,"column":0},"end":{"line":null,"column":-1}},"11":{"start":{"line":159,"column":0},"end":{"line":null,"column":-1}},"12":{"start":{"line":160,"column":0},"end":{"line":null,"column":-1}},"13":{"start":{"line":161,"column":0},"end":{"line":177,"column":0}},"14":{"start":{"line":162,"column":0},"end":{"line":176,"column":0}},"15":{"start":{"line":163,"column":0},"end":{"line":null,"column":-1}},"16":{"start":{"line":164,"column":0},"end":{"line":null,"column":-1}},"17":{"start":{"line":166,"column":0},"end":{"line":null,"column":-1}},"18":{"start":{"line":167,"column":0},"end":{"line":null,"column":-1}},"19":{"start":{"line":169,"column":0},"end":{"line":null,"column":-1}},"20":{"start":{"line":170,"column":0},"end":{"line":null,"column":-1}},"21":{"start":{"line":172,"column":0},"end":{"line":null,"column":-1}},"22":{"start":{"line":173,"column":0},"end":{"line":null,"column":-1}},"23":{"start":{"line":178,"column":0},"end":{"line":null,"column":-1}},"24":{"start":{"line":182,"column":0},"end":{"line":null,"column":-1}},"25":{"start":{"line":183,"column":0},"end":{"line":null,"column":-1}},"26":{"start":{"line":184,"column":0},"end":{"line":null,"column":-1}},"27":{"start":{"line":190,"column":0},"end":{"line":null,"column":-1}},"28":{"start":{"line":191,"column":0},"end":{"line":null,"column":-1}},"29":{"start":{"line":192,"column":0},"end":{"line":null,"column":-1}},"30":{"start":{"line":193,"column":0},"end":{"line":null,"column":-1}},"31":{"start":{"line":194,"column":0},"end":{"line":null,"column":-1}},"32":{"start":{"line":195,"column":0},"end":{"line":null,"column":-1}},"33":{"start":{"line":196,"column":0},"end":{"line":null,"column":-1}},"34":{"start":{"line":202,"column":0},"end":{"line":null,"column":-1}},"35":{"start":{"line":203,"column":0},"end":{"line":205,"column":0}},"36":{"start":{"line":204,"column":0},"end":{"line":null,"column":-1}},"37":{"start":{"line":211,"column":0},"end":{"line":null,"column":-1}},"38":{"start":{"line":221,"column":0},"end":{"line":null,"column":-1}},"39":{"start":{"line":222,"column":0},"end":{"line":null,"column":-1}},"40":{"start":{"line":223,"column":0},"end":{"line":null,"column":-1}},"41":{"start":{"line":229,"column":0},"end":{"line":null,"column":-1}},"42":{"start":{"line":232,"column":0},"end":{"line":null,"column":-1}},"43":{"start":{"line":233,"column":0},"end":{"line":null,"column":-1}},"44":{"start":{"line":234,"column":0},"end":{"line":null,"column":-1}},"45":{"start":{"line":240,"column":0},"end":{"line":null,"column":-1}},"46":{"start":{"line":246,"column":0},"end":{"line":null,"column":-1}},"47":{"start":{"line":247,"column":0},"end":{"line":null,"column":-1}},"48":{"start":{"line":248,"column":0},"end":{"line":263,"column":0}},"49":{"start":{"line":249,"column":0},"end":{"line":null,"column":-1}},"50":{"start":{"line":250,"column":0},"end":{"line":262,"column":0}},"51":{"start":{"line":251,"column":0},"end":{"line":261,"column":0}},"52":{"start":{"line":252,"column":0},"end":{"line":null,"column":-1}},"53":{"start":{"line":255,"column":0},"end":{"line":260,"column":0}},"54":{"start":{"line":256,"column":0},"end":{"line":null,"column":-1}},"55":{"start":{"line":259,"column":0},"end":{"line":null,"column":-1}},"56":{"start":{"line":264,"column":0},"end":{"line":null,"column":-1}},"57":{"start":{"line":268,"column":0},"end":{"line":null,"column":-1}}},"fnMap":{"0":{"name":"data","decl":{"start":{"line":118,"column":0},"end":{"line":null,"column":-1}},"loc":{"start":{"line":118,"column":0},"end":{"line":125,"column":0}}},"1":{"name":"created","decl":{"start":{"line":128,"column":0},"end":{"line":null,"column":-1}},"loc":{"start":{"line":128,"column":0},"end":{"line":140,"column":0}}},"2":{"name":"getBagages","decl":{"start":{"line":145,"column":0},"end":{"line":null,"column":-1}},"loc":{"start":{"line":145,"column":0},"end":{"line":187,"column":0}}},"3":{"name":"success","decl":{"start":{"line":153,"column":0},"end":{"line":null,"column":-1}},"loc":{"start":{"line":153,"column":0},"end":{"line":180,"column":0}}},"4":{"name":"error","decl":{"start":{"line":181,"column":0},"end":{"line":null,"column":-1}},"loc":{"start":{"line":181,"column":0},"end":{"line":185,"column":0}}},"5":{"name":"ajoutBagage","decl":{"start":{"line":189,"column":0},"end":{"line":null,"column":-1}},"loc":{"start":{"line":189,"column":0},"end":{"line":198,"column":0}}},"6":{"name":"supprBagage","decl":{"start":{"line":201,"column":0},"end":{"line":null,"column":-1}},"loc":{"start":{"line":201,"column":0},"end":{"line":206,"column":0}}},"7":{"name":"updateBagages","decl":{"start":{"line":209,"column":0},"end":{"line":null,"column":-1}},"loc":{"start":{"line":209,"column":0},"end":{"line":237,"column":0}}},"8":{"name":"success","decl":{"start":{"line":228,"column":0},"end":{"line":null,"column":-1}},"loc":{"start":{"line":228,"column":0},"end":{"line":230,"column":0}}},"9":{"name":"error","decl":{"start":{"line":231,"column":0},"end":{"line":null,"column":-1}},"loc":{"start":{"line":231,"column":0},"end":{"line":235,"column":0}}},"10":{"name":"verifBagage","decl":{"start":{"line":239,"column":0},"end":{"line":null,"column":-1}},"loc":{"start":{"line":239,"column":0},"end":{"line":242,"column":0}}},"11":{"name":"bagageOk","decl":{"start":{"line":244,"column":0},"end":{"line":null,"column":-1}},"loc":{"start":{"line":244,"column":0},"end":{"line":265,"column":0}}},"12":{"name":"swipeRight","decl":{"start":{"line":267,"column":0},"end":{"line":null,"column":-1}},"loc":{"start":{"line":267,"column":0},"end":{"line":269,"column":0}}}},"branchMap":{"0":{"loc":{"start":{"line":161,"column":0},"end":{"line":177,"column":0}},"type":"if","locations":[{"start":{"line":161,"column":0},"end":{"line":177,"column":0}},{"start":{"line":161,"column":0},"end":{"line":177,"column":0}}]},"1":{"loc":{"start":{"line":165,"column":0},"end":{"line":167,"column":0}},"type":"switch","locations":[{"start":{"line":165,"column":0},"end":{"line":167,"column":0}},{"start":{"line":168,"column":0},"end":{"line":170,"column":0}},{"start":{"line":171,"column":0},"end":{"line":173,"column":0}}]},"2":{"loc":{"start":{"line":191,"column":0},"end":{"line":192,"column":0}},"type":"switch","locations":[{"start":{"line":191,"column":0},"end":{"line":192,"column":0}},{"start":{"line":193,"column":0},"end":{"line":194,"column":0}},{"start":{"line":195,"column":0},"end":{"line":196,"column":0}}]},"3":{"loc":{"start":{"line":203,"column":0},"end":{"line":205,"column":0}},"type":"if","locations":[{"start":{"line":203,"column":0},"end":{"line":205,"column":0}},{"start":{"line":203,"column":0},"end":{"line":205,"column":0}}]},"4":{"loc":{"start":{"line":240,"column":0},"end":{"line":null,"column":-1}},"type":"binary-expr","locations":[{"start":{"line":240,"column":0},"end":{"line":null,"column":-1}},{"start":{"line":240,"column":0},"end":{"line":null,"column":-1}},{"start":{"line":240,"column":0},"end":{"line":null,"column":-1}},{"start":{"line":240,"column":0},"end":{"line":null,"column":-1}}]},"5":{"loc":{"start":{"line":248,"column":0},"end":{"line":263,"column":0}},"type":"if","locations":[{"start":{"line":248,"column":0},"end":{"line":263,"column":0}},{"start":{"line":248,"column":0},"end":{"line":263,"column":0}}]},"6":{"loc":{"start":{"line":251,"column":0},"end":{"line":261,"column":0}},"type":"if","locations":[{"start":{"line":251,"column":0},"end":{"line":261,"column":0}},{"start":{"line":251,"column":0},"end":{"line":261,"column":0}}]},"7":{"loc":{"start":{"line":255,"column":0},"end":{"line":260,"column":0}},"type":"if","locations":[{"start":{"line":255,"column":0},"end":{"line":260,"column":0}},{"start":{"line":255,"column":0},"end":{"line":260,"column":0}}]}},"s":{"0":0,"1":0,"2":0,"3":0,"4":0,"5":0,"6":0,"7":0,"8":0,"9":0,"10":0,"11":0,"12":0,"13":0,"14":0,"15":0,"16":0,"17":0,"18":0,"19":0,"20":0,"21":0,"22":0,"23":0,"24":0,"25":0,"26":0,"27":0,"28":0,"29":0,"30":0,"31":0,"32":0,"33":0,"34":0,"35":0,"36":0,"37":0,"38":0,"39":0,"40":0,"41":0,"42":0,"43":0,"44":0,"45":0,"46":0,"47":0,"48":0,"49":0,"50":0,"51":0,"52":0,"53":0,"54":0,"55":0,"56":0,"57":0},"f":{"0":0,"1":0,"2":0,"3":0,"4":0,"5":0,"6":0,"7":0,"8":0,"9":0,"10":0,"11":0,"12":0},"b":{"0":[0,0],"1":[0,0,0],"2":[0,0,0],"3":[0,0],"4":[0,0,0,0],"5":[0,0],"6":[0,0],"7":[0,0]}}
,"D:\\Deliverbag\\testwebpack\\src\\components\\driver\\Demands.vue": {"path":"D:\\Deliverbag\\testwebpack\\src\\components\\driver\\Demands.vue","statementMap":{"0":{"start":{"line":35,"column":0},"end":{"line":null,"column":-1}},"1":{"start":{"line":43,"column":0},"end":{"line":null,"column":-1}},"2":{"start":{"line":62,"column":0},"end":{"line":null,"column":-1}},"3":{"start":{"line":67,"column":0},"end":{"line":null,"column":-1}},"4":{"start":{"line":74,"column":0},"end":{"line":null,"column":-1}},"5":{"start":{"line":82,"column":0},"end":{"line":87,"column":0}},"6":{"start":{"line":83,"column":0},"end":{"line":null,"column":-1}},"7":{"start":{"line":84,"column":0},"end":{"line":null,"column":-1}},"8":{"start":{"line":85,"column":0},"end":{"line":null,"column":-1}},"9":{"start":{"line":87,"column":0},"end":{"line":null,"column":-1}},"10":{"start":{"line":93,"column":0},"end":{"line":null,"column":-1}},"11":{"start":{"line":107,"column":0},"end":{"line":null,"column":-1}},"12":{"start":{"line":109,"column":0},"end":{"line":110,"column":0}},"13":{"start":{"line":114,"column":0},"end":{"line":null,"column":-1}},"14":{"start":{"line":115,"column":0},"end":{"line":null,"column":-1}},"15":{"start":{"line":117,"column":0},"end":{"line":127,"column":0}},"16":{"start":{"line":121,"column":0},"end":{"line":null,"column":-1}},"17":{"start":{"line":122,"column":0},"end":{"line":null,"column":-1}},"18":{"start":{"line":123,"column":0},"end":{"line":null,"column":-1}},"19":{"start":{"line":124,"column":0},"end":{"line":null,"column":-1}},"20":{"start":{"line":125,"column":0},"end":{"line":null,"column":-1}},"21":{"start":{"line":135,"column":0},"end":{"line":null,"column":-1}},"22":{"start":{"line":137,"column":0},"end":{"line":null,"column":-1}},"23":{"start":{"line":138,"column":0},"end":{"line":154,"column":0}},"24":{"start":{"line":140,"column":0},"end":{"line":153,"column":0}},"25":{"start":{"line":142,"column":0},"end":{"line":null,"column":-1}},"26":{"start":{"line":149,"column":0},"end":{"line":null,"column":-1}},"27":{"start":{"line":152,"column":0},"end":{"line":null,"column":-1}},"28":{"start":{"line":158,"column":0},"end":{"line":null,"column":-1}},"29":{"start":{"line":164,"column":0},"end":{"line":null,"column":-1}},"30":{"start":{"line":166,"column":0},"end":{"line":null,"column":-1}},"31":{"start":{"line":171,"column":0},"end":{"line":null,"column":-1}},"32":{"start":{"line":172,"column":0},"end":{"line":null,"column":-1}},"33":{"start":{"line":175,"column":0},"end":{"line":235,"column":0}},"34":{"start":{"line":177,"column":0},"end":{"line":null,"column":-1}},"35":{"start":{"line":178,"column":0},"end":{"line":179,"column":0}},"36":{"start":{"line":189,"column":0},"end":{"line":null,"column":-1}},"37":{"start":{"line":192,"column":0},"end":{"line":198,"column":0}},"38":{"start":{"line":192,"column":0},"end":{"line":null,"column":-1}},"39":{"start":{"line":193,"column":0},"end":{"line":null,"column":-1}},"40":{"start":{"line":194,"column":0},"end":{"line":null,"column":-1}},"41":{"start":{"line":195,"column":0},"end":{"line":null,"column":-1}},"42":{"start":{"line":196,"column":0},"end":{"line":null,"column":-1}},"43":{"start":{"line":197,"column":0},"end":{"line":null,"column":-1}},"44":{"start":{"line":200,"column":0},"end":{"line":null,"column":-1}},"45":{"start":{"line":201,"column":0},"end":{"line":null,"column":-1}},"46":{"start":{"line":204,"column":0},"end":{"line":233,"column":0}},"47":{"start":{"line":206,"column":0},"end":{"line":208,"column":0}},"48":{"start":{"line":207,"column":0},"end":{"line":null,"column":-1}},"49":{"start":{"line":210,"column":0},"end":{"line":null,"column":-1}},"50":{"start":{"line":211,"column":0},"end":{"line":null,"column":-1}},"51":{"start":{"line":213,"column":0},"end":{"line":215,"column":0}},"52":{"start":{"line":214,"column":0},"end":{"line":null,"column":-1}},"53":{"start":{"line":218,"column":0},"end":{"line":219,"column":0}},"54":{"start":{"line":228,"column":0},"end":{"line":null,"column":-1}},"55":{"start":{"line":230,"column":0},"end":{"line":null,"column":-1}},"56":{"start":{"line":231,"column":0},"end":{"line":null,"column":-1}},"57":{"start":{"line":237,"column":0},"end":{"line":null,"column":-1}},"58":{"start":{"line":242,"column":0},"end":{"line":null,"column":-1}},"59":{"start":{"line":253,"column":0},"end":{"line":null,"column":-1}},"60":{"start":{"line":254,"column":0},"end":{"line":null,"column":-1}},"61":{"start":{"line":255,"column":0},"end":{"line":null,"column":-1}},"62":{"start":{"line":256,"column":0},"end":{"line":null,"column":-1}},"63":{"start":{"line":260,"column":0},"end":{"line":null,"column":-1}}},"fnMap":{"0":{"name":"data","decl":{"start":{"line":42,"column":0},"end":{"line":null,"column":-1}},"loc":{"start":{"line":42,"column":0},"end":{"line":54,"column":0}}},"1":{"name":"prendreEnCharge","decl":{"start":{"line":60,"column":0},"end":{"line":null,"column":-1}},"loc":{"start":{"line":60,"column":0},"end":{"line":77,"column":0}}},"2":{"name":"success","decl":{"start":{"line":71,"column":0},"end":{"line":null,"column":-1}},"loc":{"start":{"line":71,"column":0},"end":{"line":null,"column":-1}}},"3":{"name":"error","decl":{"start":{"line":73,"column":0},"end":{"line":null,"column":-1}},"loc":{"start":{"line":73,"column":0},"end":{"line":75,"column":0}}},"4":{"name":"checkGps","decl":{"start":{"line":80,"column":0},"end":{"line":null,"column":-1}},"loc":{"start":{"line":80,"column":0},"end":{"line":89,"column":0}}},"5":{"name":"(anonymous_7)","decl":{"start":{"line":82,"column":0},"end":{"line":null,"column":-1}},"loc":{"start":{"line":82,"column":0},"end":{"line":86,"column":0}}},"6":{"name":"(anonymous_8)","decl":{"start":{"line":86,"column":0},"end":{"line":null,"column":-1}},"loc":{"start":{"line":86,"column":0},"end":{"line":87,"column":0}}},"7":{"name":"initMap","decl":{"start":{"line":90,"column":0},"end":{"line":null,"column":-1}},"loc":{"start":{"line":90,"column":0},"end":{"line":100,"column":0}}},"8":{"name":"initUserMarker","decl":{"start":{"line":102,"column":0},"end":{"line":null,"column":-1}},"loc":{"start":{"line":102,"column":0},"end":{"line":128,"column":0}}},"9":{"name":"(anonymous_11)","decl":{"start":{"line":117,"column":0},"end":{"line":null,"column":-1}},"loc":{"start":{"line":117,"column":0},"end":{"line":127,"column":0}}},"10":{"name":"initUserPos","decl":{"start":{"line":130,"column":0},"end":{"line":null,"column":-1}},"loc":{"start":{"line":130,"column":0},"end":{"line":155,"column":0}}},"11":{"name":"(anonymous_13)","decl":{"start":{"line":138,"column":0},"end":{"line":null,"column":-1}},"loc":{"start":{"line":138,"column":0},"end":{"line":154,"column":0}}},"12":{"name":"(anonymous_14)","decl":{"start":{"line":140,"column":0},"end":{"line":null,"column":-1}},"loc":{"start":{"line":140,"column":0},"end":{"line":151,"column":0}}},"13":{"name":"(anonymous_15)","decl":{"start":{"line":151,"column":0},"end":{"line":null,"column":-1}},"loc":{"start":{"line":151,"column":0},"end":{"line":153,"column":0}}},"14":{"name":"clearTimer","decl":{"start":{"line":157,"column":0},"end":{"line":null,"column":-1}},"loc":{"start":{"line":157,"column":0},"end":{"line":159,"column":0}}},"15":{"name":"getDeliveries","decl":{"start":{"line":161,"column":0},"end":{"line":null,"column":-1}},"loc":{"start":{"line":161,"column":0},"end":{"line":245,"column":0}}},"16":{"name":"success","decl":{"start":{"line":169,"column":0},"end":{"line":null,"column":-1}},"loc":{"start":{"line":169,"column":0},"end":{"line":240,"column":0}}},"17":{"name":"(anonymous_19)","decl":{"start":{"line":192,"column":0},"end":{"line":null,"column":-1}},"loc":{"start":{"line":192,"column":0},"end":{"line":null,"column":-1}}},"18":{"name":"(anonymous_20)","decl":{"start":{"line":204,"column":0},"end":{"line":null,"column":-1}},"loc":{"start":{"line":204,"column":0},"end":{"line":233,"column":0}}},"19":{"name":"error","decl":{"start":{"line":241,"column":0},"end":{"line":null,"column":-1}},"loc":{"start":{"line":241,"column":0},"end":{"line":243,"column":0}}},"20":{"name":"addDeliveriesMarkers","decl":{"start":{"line":247,"column":0},"end":{"line":null,"column":-1}},"loc":{"start":{"line":247,"column":0},"end":{"line":null,"column":-1}}},"21":{"name":"mounted","decl":{"start":{"line":252,"column":0},"end":{"line":null,"column":-1}},"loc":{"start":{"line":252,"column":0},"end":{"line":257,"column":0}}},"22":{"name":"destroyed","decl":{"start":{"line":259,"column":0},"end":{"line":null,"column":-1}},"loc":{"start":{"line":259,"column":0},"end":{"line":261,"column":0}}}},"branchMap":{"0":{"loc":{"start":{"line":149,"column":0},"end":{"line":null,"column":-1}},"type":"if","locations":[{"start":{"line":149,"column":0},"end":{"line":null,"column":-1}},{"start":{"line":149,"column":0},"end":{"line":null,"column":-1}}]},"1":{"loc":{"start":{"line":192,"column":0},"end":{"line":198,"column":0}},"type":"if","locations":[{"start":{"line":192,"column":0},"end":{"line":198,"column":0}},{"start":{"line":192,"column":0},"end":{"line":198,"column":0}}]},"2":{"loc":{"start":{"line":206,"column":0},"end":{"line":208,"column":0}},"type":"if","locations":[{"start":{"line":206,"column":0},"end":{"line":208,"column":0}},{"start":{"line":206,"column":0},"end":{"line":208,"column":0}}]},"3":{"loc":{"start":{"line":213,"column":0},"end":{"line":215,"column":0}},"type":"if","locations":[{"start":{"line":213,"column":0},"end":{"line":215,"column":0}},{"start":{"line":213,"column":0},"end":{"line":215,"column":0}}]}},"s":{"0":0,"1":0,"2":0,"3":0,"4":0,"5":0,"6":0,"7":0,"8":0,"9":0,"10":0,"11":0,"12":0,"13":0,"14":0,"15":0,"16":0,"17":0,"18":0,"19":0,"20":0,"21":0,"22":0,"23":0,"24":0,"25":0,"26":0,"27":0,"28":0,"29":0,"30":0,"31":0,"32":0,"33":0,"34":0,"35":0,"36":0,"37":0,"38":0,"39":0,"40":0,"41":0,"42":0,"43":0,"44":0,"45":0,"46":0,"47":0,"48":0,"49":0,"50":0,"51":0,"52":0,"53":0,"54":0,"55":0,"56":0,"57":0,"58":0,"59":0,"60":0,"61":0,"62":0,"63":0},"f":{"0":0,"1":0,"2":0,"3":0,"4":0,"5":0,"6":0,"7":0,"8":0,"9":0,"10":0,"11":0,"12":0,"13":0,"14":0,"15":0,"16":0,"17":0,"18":0,"19":0,"20":0,"21":0,"22":0},"b":{"0":[0,0],"1":[0,0],"2":[0,0],"3":[0,0]}}
,"D:\\Deliverbag\\testwebpack\\src\\components\\driver\\DemandsList.vue": {"path":"D:\\Deliverbag\\testwebpack\\src\\components\\driver\\DemandsList.vue","statementMap":{"0":{"start":{"line":62,"column":0},"end":{"line":null,"column":-1}},"1":{"start":{"line":83,"column":0},"end":{"line":null,"column":-1}},"2":{"start":{"line":88,"column":0},"end":{"line":null,"column":-1}},"3":{"start":{"line":95,"column":0},"end":{"line":null,"column":-1}},"4":{"start":{"line":101,"column":0},"end":{"line":null,"column":-1}},"5":{"start":{"line":106,"column":0},"end":{"line":null,"column":-1}},"6":{"start":{"line":107,"column":0},"end":{"line":null,"column":-1}},"7":{"start":{"line":108,"column":0},"end":{"line":null,"column":-1}},"8":{"start":{"line":113,"column":0},"end":{"line":null,"column":-1}},"9":{"start":{"line":115,"column":0},"end":{"line":130,"column":0}},"10":{"start":{"line":116,"column":0},"end":{"line":null,"column":-1}},"11":{"start":{"line":118,"column":0},"end":{"line":129,"column":0}},"12":{"start":{"line":124,"column":0},"end":{"line":null,"column":-1}},"13":{"start":{"line":125,"column":0},"end":{"line":null,"column":-1}},"14":{"start":{"line":126,"column":0},"end":{"line":128,"column":0}},"15":{"start":{"line":127,"column":0},"end":{"line":null,"column":-1}},"16":{"start":{"line":138,"column":0},"end":{"line":null,"column":-1}},"17":{"start":{"line":140,"column":0},"end":{"line":151,"column":0}},"18":{"start":{"line":142,"column":0},"end":{"line":null,"column":-1}},"19":{"start":{"line":146,"column":0},"end":{"line":null,"column":-1}},"20":{"start":{"line":150,"column":0},"end":{"line":null,"column":-1}}},"fnMap":{"0":{"name":"data","decl":{"start":{"line":61,"column":0},"end":{"line":null,"column":-1}},"loc":{"start":{"line":61,"column":0},"end":{"line":76,"column":0}}},"1":{"name":"prendreEnCharge","decl":{"start":{"line":81,"column":0},"end":{"line":null,"column":-1}},"loc":{"start":{"line":81,"column":0},"end":{"line":98,"column":0}}},"2":{"name":"success","decl":{"start":{"line":92,"column":0},"end":{"line":null,"column":-1}},"loc":{"start":{"line":92,"column":0},"end":{"line":null,"column":-1}}},"3":{"name":"error","decl":{"start":{"line":94,"column":0},"end":{"line":null,"column":-1}},"loc":{"start":{"line":94,"column":0},"end":{"line":96,"column":0}}},"4":{"name":"refresh","decl":{"start":{"line":100,"column":0},"end":{"line":null,"column":-1}},"loc":{"start":{"line":100,"column":0},"end":{"line":102,"column":0}}},"5":{"name":"getDistanceFromDriver","decl":{"start":{"line":104,"column":0},"end":{"line":null,"column":-1}},"loc":{"start":{"line":104,"column":0},"end":{"line":131,"column":0}}},"6":{"name":"(anonymous_8)","decl":{"start":{"line":115,"column":0},"end":{"line":null,"column":-1}},"loc":{"start":{"line":115,"column":0},"end":{"line":130,"column":0}}},"7":{"name":"(anonymous_9)","decl":{"start":{"line":119,"column":0},"end":{"line":null,"column":-1}},"loc":{"start":{"line":119,"column":0},"end":{"line":129,"column":0}}},"8":{"name":"mounted","decl":{"start":{"line":137,"column":0},"end":{"line":null,"column":-1}},"loc":{"start":{"line":137,"column":0},"end":{"line":153,"column":0}}},"9":{"name":"(anonymous_11)","decl":{"start":{"line":140,"column":0},"end":{"line":null,"column":-1}},"loc":{"start":{"line":140,"column":0},"end":{"line":149,"column":0}}},"10":{"name":"(anonymous_12)","decl":{"start":{"line":149,"column":0},"end":{"line":null,"column":-1}},"loc":{"start":{"line":149,"column":0},"end":{"line":151,"column":0}}}},"branchMap":{"0":{"loc":{"start":{"line":126,"column":0},"end":{"line":128,"column":0}},"type":"if","locations":[{"start":{"line":126,"column":0},"end":{"line":128,"column":0}},{"start":{"line":126,"column":0},"end":{"line":128,"column":0}}]}},"s":{"0":0,"1":0,"2":0,"3":0,"4":0,"5":0,"6":0,"7":0,"8":0,"9":0,"10":0,"11":0,"12":0,"13":0,"14":0,"15":0,"16":0,"17":0,"18":0,"19":0,"20":0},"f":{"0":0,"1":0,"2":0,"3":0,"4":0,"5":0,"6":0,"7":0,"8":0,"9":0,"10":0},"b":{"0":[0,0]}}
,"D:\\Deliverbag\\testwebpack\\src\\components\\driver\\MenuDriver.vue": {"path":"D:\\Deliverbag\\testwebpack\\src\\components\\driver\\MenuDriver.vue","statementMap":{"0":{"start":{"line":21,"column":0},"end":{"line":null,"column":-1}}},"fnMap":{"0":{"name":"data","decl":{"start":{"line":20,"column":0},"end":{"line":null,"column":-1}},"loc":{"start":{"line":20,"column":0},"end":{"line":24,"column":0}}}},"branchMap":{},"s":{"0":0},"f":{"0":0},"b":{}}
}
