TN:
SF:D:\Deliverbag\testwebpack\src\assets\inject.js
FNF:0
FNH:0
DA:1,0
LF:1
LH:0
BRF:0
BRH:0
end_of_record
TN:
SF:D:\Deliverbag\testwebpack\src\components\BackHeader.vue
FN:20,data
FN:26,back
FNF:2
FNH:0
FNDA:0,data
FNDA:0,back
DA:21,0
DA:27,0
LF:2
LH:0
BRF:0
BRH:0
end_of_record
TN:
SF:D:\Deliverbag\testwebpack\src\components\Login.vue
FN:18,data
FN:29,created
FN:34,(anonymous_3)
FN:35,(anonymous_4)
FN:66,getUser
FN:72,success
FN:84,error
FN:121,webviewConnexion
FN:125,(anonymous_9)
FN:129,(anonymous_10)
FN:135,(anonymous_11)
FN:151,(anonymous_12)
FNF:12
FNH:0
FNDA:0,data
FNDA:0,created
FNDA:0,(anonymous_3)
FNDA:0,(anonymous_4)
FNDA:0,getUser
FNDA:0,success
FNDA:0,error
FNDA:0,webviewConnexion
FNDA:0,(anonymous_9)
FNDA:0,(anonymous_10)
FNDA:0,(anonymous_11)
FNDA:0,(anonymous_12)
DA:19,0
DA:31,0
DA:32,0
DA:33,0
DA:34,0
DA:35,0
DA:36,0
DA:38,0
DA:39,0
DA:40,0
DA:41,0
DA:44,0
DA:49,0
DA:50,0
DA:67,0
DA:68,0
DA:73,0
DA:74,0
DA:75,0
DA:77,0
DA:78,0
DA:85,0
DA:122,0
DA:123,0
DA:124,0
DA:125,0
DA:126,0
DA:127,0
DA:128,0
DA:129,0
DA:130,0
DA:137,0
DA:138,0
DA:139,0
DA:140,0
DA:148,0
DA:151,0
DA:152,0
LF:38
LH:0
BRDA:41,0,0,0
BRDA:41,0,1,0
BRDA:74,1,0,0
BRDA:74,1,1,0
BRDA:77,2,0,0
BRDA:77,2,1,0
BRDA:137,3,0,0
BRDA:137,3,1,0
BRF:8
BRH:0
end_of_record
TN:
SF:D:\Deliverbag\testwebpack\src\components\Main.vue
FN:11,data
FN:17,miseajour
FNF:2
FNH:0
FNDA:0,data
FNDA:0,miseajour
DA:12,0
DA:18,0
DA:19,0
LF:3
LH:0
BRF:0
BRH:0
end_of_record
TN:
SF:D:\Deliverbag\testwebpack\src\components\Test.vue
FN:11,data
FN:17,miseajour
FNF:2
FNH:0
FNDA:0,data
FNDA:0,miseajour
DA:12,0
DA:18,0
DA:19,0
LF:3
LH:0
BRF:0
BRH:0
end_of_record
TN:
SF:D:\Deliverbag\testwebpack\src\components\customer\Demand.vue
FN:67,data
FN:74,swipeRight
FN:77,swipeLeft
FNF:3
FNH:0
FNDA:0,data
FNDA:0,swipeRight
FNDA:0,swipeLeft
DA:68,0
DA:75,0
DA:78,0
LF:3
LH:0
BRF:0
BRH:0
end_of_record
TN:
SF:D:\Deliverbag\testwebpack\src\components\customer\FormulaireDemande.vue
FN:309,data
FN:340,compagnyId
FN:344,flightId
FN:347,dateFormated
FN:352,dateTime
FN:366,displayDate
FN:370,displayTime
FN:379,reponse
FN:424,success
FN:427,error
FN:437,openCamera
FN:438,(anonymous_13)
FN:450,openGalery
FN:451,(anonymous_15)
FN:463,ajoutBagage
FN:474,supprBagage
FN:481,resetData
FN:489,isFormOk
FN:495,checkErrors
FN:505,verifBagage
FN:512,bagageOk
FN:535,verifGare
FN:548,(anonymous_24)
FN:565,getDepartments
FN:570,success
FN:577,error
FN:586,getBagages
FN:593,success
FN:615,error
FN:629,geocode
FN:633,(anonymous_32)
FN:651,verifyDepartment
FN:696,traitementVol
FN:708,success
FN:736,(anonymous_36)
FN:758,error
FN:766,traitementTrain
FN:773,(anonymous_39)
FN:777,(anonymous_40)
FN:802,traitement_gares
FN:818,mounted
FN:836,(anonymous_43)
FN:847,(anonymous_44)
FNF:43
FNH:0
FNDA:0,data
FNDA:0,compagnyId
FNDA:0,flightId
FNDA:0,dateFormated
FNDA:0,dateTime
FNDA:0,displayDate
FNDA:0,displayTime
FNDA:0,reponse
FNDA:0,success
FNDA:0,error
FNDA:0,openCamera
FNDA:0,(anonymous_13)
FNDA:0,openGalery
FNDA:0,(anonymous_15)
FNDA:0,ajoutBagage
FNDA:0,supprBagage
FNDA:0,resetData
FNDA:0,isFormOk
FNDA:0,checkErrors
FNDA:0,verifBagage
FNDA:0,bagageOk
FNDA:0,verifGare
FNDA:0,(anonymous_24)
FNDA:0,getDepartments
FNDA:0,success
FNDA:0,error
FNDA:0,getBagages
FNDA:0,success
FNDA:0,error
FNDA:0,geocode
FNDA:0,(anonymous_32)
FNDA:0,verifyDepartment
FNDA:0,traitementVol
FNDA:0,success
FNDA:0,(anonymous_36)
FNDA:0,error
FNDA:0,traitementTrain
FNDA:0,(anonymous_39)
FNDA:0,(anonymous_40)
FNDA:0,traitement_gares
FNDA:0,mounted
FNDA:0,(anonymous_43)
FNDA:0,(anonymous_44)
DA:310,0
DA:341,0
DA:345,0
DA:348,0
DA:353,0
DA:354,0
DA:355,0
DA:356,0
DA:357,0
DA:360,0
DA:361,0
DA:363,0
DA:367,0
DA:371,0
DA:381,0
DA:384,0
DA:385,0
DA:425,0
DA:428,0
DA:433,0
DA:438,0
DA:451,0
DA:464,0
DA:465,0
DA:466,0
DA:467,0
DA:468,0
DA:469,0
DA:470,0
DA:475,0
DA:476,0
DA:477,0
DA:482,0
DA:483,0
DA:484,0
DA:485,0
DA:490,0
DA:491,0
DA:496,0
DA:497,0
DA:498,0
DA:499,0
DA:502,0
DA:506,0
DA:514,0
DA:515,0
DA:516,0
DA:517,0
DA:518,0
DA:519,0
DA:520,0
DA:523,0
DA:524,0
DA:527,0
DA:532,0
DA:537,0
DA:538,0
DA:539,0
DA:540,0
DA:543,0
DA:544,0
DA:546,0
DA:547,0
DA:551,0
DA:552,0
DA:553,0
DA:555,0
DA:556,0
DA:557,0
DA:566,0
DA:567,0
DA:571,0
DA:572,0
DA:573,0
DA:578,0
DA:579,0
DA:587,0
DA:588,0
DA:594,0
DA:595,0
DA:596,0
DA:597,0
DA:598,0
DA:599,0
DA:600,0
DA:601,0
DA:603,0
DA:604,0
DA:606,0
DA:607,0
DA:609,0
DA:610,0
DA:616,0
DA:617,0
DA:630,0
DA:631,0
DA:632,0
DA:636,0
DA:637,0
DA:638,0
DA:639,0
DA:641,0
DA:642,0
DA:656,0
DA:657,0
DA:658,0
DA:659,0
DA:660,0
DA:663,0
DA:664,0
DA:665,0
DA:668,0
DA:669,0
DA:674,0
DA:675,0
DA:684,0
DA:685,0
DA:686,0
DA:688,0
DA:689,0
DA:691,0
DA:692,0
DA:698,0
DA:699,0
DA:700,0
DA:701,0
DA:703,0
DA:705,0
DA:710,0
DA:711,0
DA:714,0
DA:716,0
DA:718,0
DA:719,0
DA:722,0
DA:729,0
DA:730,0
DA:731,0
DA:733,0
DA:734,0
DA:736,0
DA:737,0
DA:738,0
DA:739,0
DA:740,0
DA:741,0
DA:742,0
DA:743,0
DA:744,0
DA:748,0
DA:749,0
DA:750,0
DA:751,0
DA:754,0
DA:759,0
DA:760,0
DA:767,0
DA:770,0
DA:771,0
DA:773,0
DA:776,0
DA:779,0
DA:780,0
DA:781,0
DA:782,0
DA:783,0
DA:784,0
DA:785,0
DA:786,0
DA:787,0
DA:788,0
DA:789,0
DA:791,0
DA:792,0
DA:794,0
DA:804,0
DA:805,0
DA:806,0
DA:807,0
DA:808,0
DA:810,0
DA:811,0
DA:812,0
DA:813,0
DA:820,0
DA:821,0
DA:822,0
DA:825,0
DA:829,0
DA:834,0
DA:835,0
DA:836,0
DA:837,0
DA:838,0
DA:843,0
DA:844,0
DA:845,0
DA:847,0
DA:848,0
DA:849,0
LF:200
LH:0
BRDA:348,0,0,0
BRDA:348,0,1,0
BRDA:355,1,0,0
BRDA:355,1,1,0
BRDA:381,2,0,0
BRDA:381,2,1,0
BRDA:465,3,0,0
BRDA:465,3,1,0
BRDA:465,3,2,0
BRDA:476,4,0,0
BRDA:476,4,1,0
BRDA:490,5,0,0
BRDA:490,5,1,0
BRDA:490,6,0,0
BRDA:490,6,1,0
BRDA:490,6,2,0
BRDA:490,6,3,0
BRDA:490,6,4,0
BRDA:498,7,0,0
BRDA:498,7,1,0
BRDA:506,8,0,0
BRDA:506,8,1,0
BRDA:506,8,2,0
BRDA:506,8,3,0
BRDA:516,9,0,0
BRDA:516,9,1,0
BRDA:519,10,0,0
BRDA:519,10,1,0
BRDA:523,11,0,0
BRDA:523,11,1,0
BRDA:551,12,0,0
BRDA:551,12,1,0
BRDA:555,13,0,0
BRDA:555,13,1,0
BRDA:599,14,0,0
BRDA:599,14,1,0
BRDA:602,15,0,0
BRDA:602,15,1,0
BRDA:602,15,2,0
BRDA:636,16,0,0
BRDA:636,16,1,0
BRDA:641,17,0,0
BRDA:641,17,1,0
BRDA:663,18,0,0
BRDA:663,18,1,0
BRDA:663,19,0,0
BRDA:663,19,1,0
BRDA:668,20,0,0
BRDA:668,20,1,0
BRDA:668,21,0,0
BRDA:668,21,1,0
BRDA:674,22,0,0
BRDA:674,22,1,0
BRDA:685,23,0,0
BRDA:685,23,1,0
BRDA:688,24,0,0
BRDA:688,24,1,0
BRDA:703,25,0,0
BRDA:703,25,1,0
BRDA:710,26,0,0
BRDA:710,26,1,0
BRDA:718,27,0,0
BRDA:718,27,1,0
BRDA:730,28,0,0
BRDA:730,28,1,0
BRDA:737,29,0,0
BRDA:737,29,1,0
BRDA:748,30,0,0
BRDA:748,30,1,0
BRDA:750,31,0,0
BRDA:750,31,1,0
BRDA:770,32,0,0
BRDA:770,32,1,0
BRDA:780,33,0,0
BRDA:780,33,1,0
BRDA:780,33,2,0
BRDA:780,33,3,0
BRDA:780,33,4,0
BRDA:780,33,5,0
BRDA:791,34,0,0
BRDA:791,34,1,0
BRDA:843,35,0,0
BRDA:843,35,1,0
BRF:83
BRH:0
end_of_record
TN:
SF:D:\Deliverbag\testwebpack\src\components\customer\Menu.vue
FN:20,data
FNF:1
FNH:0
FNDA:0,data
DA:21,0
LF:1
LH:0
BRF:0
BRH:0
end_of_record
TN:
SF:D:\Deliverbag\testwebpack\src\components\customer\MesCourses.vue
FN:87,data
FN:108,mounted
FN:116,success
FN:135,error
FN:145,sendRating
FN:157,success
FN:160,error
FN:166,swipeLeft
FN:169,detailsCourse
FNF:9
FNH:0
FNDA:0,data
FNDA:0,mounted
FNDA:0,success
FNDA:0,error
FNDA:0,sendRating
FNDA:0,success
FNDA:0,error
FNDA:0,swipeLeft
FNDA:0,detailsCourse
DA:88,0
DA:110,0
DA:111,0
DA:117,0
DA:118,0
DA:119,0
DA:120,0
DA:121,0
DA:122,0
DA:123,0
DA:124,0
DA:125,0
DA:126,0
DA:127,0
DA:128,0
DA:129,0
DA:130,0
DA:131,0
DA:136,0
DA:137,0
DA:147,0
DA:158,0
DA:161,0
DA:162,0
DA:167,0
DA:170,0
LF:26
LH:0
BRDA:120,0,0,0
BRDA:120,0,1,0
BRDA:120,0,2,0
BRDA:120,0,3,0
BRDA:120,0,4,0
BRDA:120,0,5,0
BRF:6
BRH:0
end_of_record
TN:
SF:D:\Deliverbag\testwebpack\src\components\customer\ProfileCustomer.vue
FN:118,data
FN:128,created
FN:145,getBagages
FN:153,success
FN:181,error
FN:189,ajoutBagage
FN:201,supprBagage
FN:209,updateBagages
FN:228,success
FN:231,error
FN:239,verifBagage
FN:244,bagageOk
FN:267,swipeRight
FNF:13
FNH:0
FNDA:0,data
FNDA:0,created
FNDA:0,getBagages
FNDA:0,success
FNDA:0,error
FNDA:0,ajoutBagage
FNDA:0,supprBagage
FNDA:0,updateBagages
FNDA:0,success
FNDA:0,error
FNDA:0,verifBagage
FNDA:0,bagageOk
FNDA:0,swipeRight
DA:119,0
DA:131,0
DA:133,0
DA:136,0
DA:137,0
DA:147,0
DA:148,0
DA:155,0
DA:156,0
DA:157,0
DA:158,0
DA:159,0
DA:160,0
DA:161,0
DA:162,0
DA:163,0
DA:164,0
DA:166,0
DA:167,0
DA:169,0
DA:170,0
DA:172,0
DA:173,0
DA:178,0
DA:182,0
DA:183,0
DA:184,0
DA:190,0
DA:191,0
DA:192,0
DA:193,0
DA:194,0
DA:195,0
DA:196,0
DA:202,0
DA:203,0
DA:204,0
DA:211,0
DA:221,0
DA:222,0
DA:223,0
DA:229,0
DA:232,0
DA:233,0
DA:234,0
DA:240,0
DA:246,0
DA:247,0
DA:248,0
DA:249,0
DA:250,0
DA:251,0
DA:252,0
DA:255,0
DA:256,0
DA:259,0
DA:264,0
DA:268,0
LF:58
LH:0
BRDA:161,0,0,0
BRDA:161,0,1,0
BRDA:165,1,0,0
BRDA:165,1,1,0
BRDA:165,1,2,0
BRDA:191,2,0,0
BRDA:191,2,1,0
BRDA:191,2,2,0
BRDA:203,3,0,0
BRDA:203,3,1,0
BRDA:240,4,0,0
BRDA:240,4,1,0
BRDA:240,4,2,0
BRDA:240,4,3,0
BRDA:248,5,0,0
BRDA:248,5,1,0
BRDA:251,6,0,0
BRDA:251,6,1,0
BRDA:255,7,0,0
BRDA:255,7,1,0
BRF:20
BRH:0
end_of_record
TN:
SF:D:\Deliverbag\testwebpack\src\components\driver\Demands.vue
FN:42,data
FN:60,prendreEnCharge
FN:71,success
FN:73,error
FN:80,checkGps
FN:82,(anonymous_7)
FN:86,(anonymous_8)
FN:90,initMap
FN:102,initUserMarker
FN:117,(anonymous_11)
FN:130,initUserPos
FN:138,(anonymous_13)
FN:140,(anonymous_14)
FN:151,(anonymous_15)
FN:157,clearTimer
FN:161,getDeliveries
FN:169,success
FN:192,(anonymous_19)
FN:204,(anonymous_20)
FN:241,error
FN:247,addDeliveriesMarkers
FN:252,mounted
FN:259,destroyed
FNF:23
FNH:0
FNDA:0,data
FNDA:0,prendreEnCharge
FNDA:0,success
FNDA:0,error
FNDA:0,checkGps
FNDA:0,(anonymous_7)
FNDA:0,(anonymous_8)
FNDA:0,initMap
FNDA:0,initUserMarker
FNDA:0,(anonymous_11)
FNDA:0,initUserPos
FNDA:0,(anonymous_13)
FNDA:0,(anonymous_14)
FNDA:0,(anonymous_15)
FNDA:0,clearTimer
FNDA:0,getDeliveries
FNDA:0,success
FNDA:0,(anonymous_19)
FNDA:0,(anonymous_20)
FNDA:0,error
FNDA:0,addDeliveriesMarkers
FNDA:0,mounted
FNDA:0,destroyed
DA:35,0
DA:43,0
DA:62,0
DA:67,0
DA:74,0
DA:82,0
DA:83,0
DA:84,0
DA:85,0
DA:87,0
DA:93,0
DA:107,0
DA:109,0
DA:114,0
DA:115,0
DA:117,0
DA:121,0
DA:122,0
DA:123,0
DA:124,0
DA:125,0
DA:135,0
DA:137,0
DA:138,0
DA:140,0
DA:142,0
DA:149,0
DA:152,0
DA:158,0
DA:164,0
DA:166,0
DA:171,0
DA:172,0
DA:175,0
DA:177,0
DA:178,0
DA:189,0
DA:192,0
DA:193,0
DA:194,0
DA:195,0
DA:196,0
DA:197,0
DA:200,0
DA:201,0
DA:204,0
DA:206,0
DA:207,0
DA:210,0
DA:211,0
DA:213,0
DA:214,0
DA:218,0
DA:228,0
DA:230,0
DA:231,0
DA:237,0
DA:242,0
DA:253,0
DA:254,0
DA:255,0
DA:256,0
DA:260,0
LF:63
LH:0
BRDA:149,0,0,0
BRDA:149,0,1,0
BRDA:192,1,0,0
BRDA:192,1,1,0
BRDA:206,2,0,0
BRDA:206,2,1,0
BRDA:213,3,0,0
BRDA:213,3,1,0
BRF:8
BRH:0
end_of_record
TN:
SF:D:\Deliverbag\testwebpack\src\components\driver\DemandsList.vue
FN:61,data
FN:81,prendreEnCharge
FN:92,success
FN:94,error
FN:100,refresh
FN:104,getDistanceFromDriver
FN:115,(anonymous_8)
FN:119,(anonymous_9)
FN:137,mounted
FN:140,(anonymous_11)
FN:149,(anonymous_12)
FNF:11
FNH:0
FNDA:0,data
FNDA:0,prendreEnCharge
FNDA:0,success
FNDA:0,error
FNDA:0,refresh
FNDA:0,getDistanceFromDriver
FNDA:0,(anonymous_8)
FNDA:0,(anonymous_9)
FNDA:0,mounted
FNDA:0,(anonymous_11)
FNDA:0,(anonymous_12)
DA:62,0
DA:83,0
DA:88,0
DA:95,0
DA:101,0
DA:106,0
DA:107,0
DA:108,0
DA:113,0
DA:115,0
DA:116,0
DA:118,0
DA:124,0
DA:125,0
DA:126,0
DA:127,0
DA:138,0
DA:140,0
DA:142,0
DA:146,0
DA:150,0
LF:21
LH:0
BRDA:126,0,0,0
BRDA:126,0,1,0
BRF:2
BRH:0
end_of_record
TN:
SF:D:\Deliverbag\testwebpack\src\components\driver\MenuDriver.vue
FN:20,data
FNF:1
FNH:0
FNDA:0,data
DA:21,0
LF:1
LH:0
BRF:0
BRH:0
end_of_record
